{"date":"14-3-2022/18:41","level":"error","message":"Diller yalnis qeyd olunub","service":"FilmController/add"}
{"date":"14-3-2022/18:47","level":"error","message":"Diller yalnis qeyd olunub","service":"FilmController/add"}
{"date":"14-3-2022/18:47","level":"error","message":"Diller yalnis qeyd olunub","service":"FilmController/add"}
{"date":"14-3-2022/18:47","level":"error","message":"Diller yalnis qeyd olunub","service":"FilmController/add"}
{"date":"14-3-2022/18:49","level":"error","message":"[object Object]","service":"FilmController/add"}
{"date":"14-3-2022/18:49","level":"error","message":"ages.errors","service":"FilmController/add"}
{"date":"14-3-2022/18:50","level":"error","message":"","service":"FilmController/add"}
{"date":"14-3-2022/18:50","level":"error","message":"[object Object]","service":"FilmController/add"}
{"date":"14-3-2022/18:50","level":"error","message":"[object Object]","service":"FilmController/add"}
{"date":"14-3-2022/18:51","level":"error","message":"[object Object]","service":"FilmController/add"}
{"date":"14-3-2022/18:51","level":"error","message":"[object Object]","service":"FilmController/add"}
{"date":"14-3-2022/19:0","level":"error","message":"Trailer duzgun qeyd edilmeyib","service":"FilmController/add"}
{"date":"14-3-2022/19:1","level":"error","message":"addDoc is not defined","service":"FilmController/add"}
{"date":"14-3-2022/19:2","level":"error","message":"Timestamp is not defined","service":"FilmController/add"}
{"date":"14-3-2022/19:2","level":"error","message":"Function addDoc() called with invalid data. Unsupported field value: undefined (found in field main_picture in document Content/n0RzVp5ElVe372xwuwvJ)","service":"FilmController/add"}
{"date":"14-3-2022/19:5","level":"error","message":"Diller yalnis qeyd olunub","service":"FilmController/updatefilm"}
{"date":"14-3-2022/19:6","level":"error","message":"Diller yalnis qeyd olunub","service":"FilmController/update"}
{"date":"14-3-2022/19:6","level":"error","message":"[object Object]","service":"FilmController/update"}
{"date":"14-3-2022/19:11","level":"error","message":"Function updateDoc() called with invalid data. Unsupported field value: undefined (found in field contentDate in document Content/HtFmFOjNifz5A8r7zOiP)","service":"FilmController/update"}
{"date":"14-3-2022/19:11","level":"error","message":"[object Object]","service":"FilmController/update"}
{"date":"14-3-2022/19:14","level":"error","message":"Cannot read properties of undefined (reading 'Categories')","service":"FilmController/GetById"}
{"date":"14-3-2022/19:14","level":"error","message":"Invalid Query. A non-empty array is required for 'in' filters.","service":"FilmController/GetById"}
{"date":"14-3-2022/19:18","level":"error","message":"5 NOT_FOUND: No document to update: projects/movieapp-f3368/databases/(default)/documents/Content/HtFmFOjNifz5A8r7zOiP","service":"FilmController/update"}
{"date":"14-3-2022/19:21","level":"error","message":"Cannot read properties of undefined (reading 'find')","service":"FilmController/GetById"}
{"date":"14-3-2022/19:22","level":"error","message":"bele bir kontent tapilmadi","service":"FilmController/GetById"}
{"date":"14-3-2022/19:22","level":"error","message":"Cannot read properties of undefined (reading 'forEach')","service":"FilmController/GetById"}
{"date":"14-3-2022/19:22","level":"error","message":"Cannot read properties of undefined (reading 'find')","service":"FilmController/GetById"}
{"date":"14-3-2022/19:23","level":"error","message":"Cannot read properties of undefined (reading 'find')","service":"FilmController/GetById"}
{"date":"14-3-2022/19:24","level":"error","message":"Cannot read properties of undefined (reading 'find')","service":"FilmController/GetById"}
{"date":"14-3-2022/19:24","level":"error","message":"Cannot read properties of undefined (reading 'Language')","service":"FilmController/GetById"}
{"date":"14-3-2022/19:26","level":"error","message":"Cannot read properties of undefined (reading 'language')","service":"FilmController/GetById"}
{"date":"14-3-2022/19:32","level":"error","message":"as is not defined","service":"FilmController/GetById"}
{"date":"14-3-2022/19:32","level":"error","service":"FilmController/GetById"}
{"date":"14-3-2022/19:32","level":"error","service":"FilmController/GetById"}
{"date":"14-3-2022/19:33","level":"error","service":"FilmController/GetById"}
{"date":"14-3-2022/19:33","level":"error","message":"Cannot read properties of undefined (reading 'language')","service":"FilmController/GetById"}
{"date":"14-3-2022/19:34","level":"error","service":"FilmController/GetById"}
{"date":"14-3-2022/19:34","level":"error","service":"FilmController/GetById"}
{"date":"14-3-2022/19:45","level":"error","message":"Description is not defined","service":"FilmController/GetById"}
{"date":"14-3-2022/19:46","level":"error","message":"SliderImage is not defined","service":"FilmController/GetById"}
{"date":"14-3-2022/19:50","level":"error","message":"data.add_date.Date is not a function","service":"FilmController/GetById"}
{"date":"14-3-2022/19:55","level":"error","message":"x is not defined","service":"FilmController/GetById"}
{"date":"14-3-2022/19:56","level":"error","message":"x is not defined","service":"FilmController/GetById"}
{"date":"14-3-2022/20:3","level":"error","message":"Cannot read properties of undefined (reading 'categories')","service":"FilmController/getbyidlang"}
{"date":"14-3-2022/20:3","level":"error","message":"lang is not defined","service":"FilmController/getbyidlang"}
{"date":"14-3-2022/20:7","level":"error","message":"The query requires an index. You can create it here: https://console.firebase.google.com/v1/r/project/movieapp-f3368/firestore/indexes?create_composite=Ck5wcm9qZWN0cy9tb3ZpZWFwcC1mMzM2OC9kYXRhYmFzZXMvKGRlZmF1bHQpL2NvbGxlY3Rpb25Hcm91cHMvQ29udGVudC9pbmRleGVzL18QARoMCghjYXRhbG9ncxgBGhAKDGNvbnRlbnRfdHlwZRABGg4KCmlzX2RlbGV0ZWQQARoPCgtpc19mZWF0dXJlZBABGgwKCHBsYXRmb3JtEAEaDwoLbW9kaWZpZWRfb24QAhoMCghfX25hbWVfXxAC","service":"FilterController/filterPlatform"}
{"date":"14-3-2022/20:7","level":"error","message":"Sorguya gore melumat tapilmadi","service":"FilterController/filterPlatform"}
{"date":"14-3-2022/20:7","level":"error","message":"Sorguya gore melumat tapilmadi","service":"FilterController/filterPlatform"}
{"date":"14-3-2022/20:21","level":"error","message":"Sorguya gore melumat tapilmadi","service":"FilterController/filterPlatform"}
{"date":"14-3-2022/20:21","level":"error","message":"Sorguya gore melumat tapilmadi","service":"FilterController/filterPlatform"}
{"date":"14-3-2022/20:21","level":"error","message":"Sorguya gore melumat tapilmadi","service":"FilterController/filterPlatform"}
{"date":"14-3-2022/20:24","level":"error","message":"The query requires an index. You can create it here: https://console.firebase.google.com/v1/r/project/movieapp-f3368/firestore/indexes?create_composite=Ck5wcm9qZWN0cy9tb3ZpZWFwcC1mMzM2OC9kYXRhYmFzZXMvKGRlZmF1bHQpL2NvbGxlY3Rpb25Hcm91cHMvQ29udGVudC9pbmRleGVzL18QARoMCghjYXRhbG9ncxgBGhAKDGNvbnRlbnRfdHlwZRABGgwKCHBsYXRmb3JtEAEaDwoLbW9kaWZpZWRfb24QAhoMCghfX25hbWVfXxAC","service":"FilterController/filterPlatform"}
{"date":"14-3-2022/20:24","level":"error","message":"Sorguya gore melumat tapilmadi","service":"FilterController/filterPlatform"}
{"date":"14-3-2022/20:24","level":"error","message":"Sorguya gore melumat tapilmadi","service":"FilterController/filterPlatform"}
{"date":"14-3-2022/20:24","level":"error","message":"Cannot read properties of undefined (reading 'find')","service":"FilterController/filterPlatform"}
{"date":"14-3-2022/20:25","level":"error","message":"The query requires an index. You can create it here: https://console.firebase.google.com/v1/r/project/movieapp-f3368/firestore/indexes?create_composite=Ck5wcm9qZWN0cy9tb3ZpZWFwcC1mMzM2OC9kYXRhYmFzZXMvKGRlZmF1bHQpL2NvbGxlY3Rpb25Hcm91cHMvQ29udGVudC9pbmRleGVzL18QARoQCgxjb250ZW50X3R5cGUQARoOCgppc19kZWxldGVkEAEaDwoLaXNfZmVhdHVyZWQQARoMCghwbGF0Zm9ybRABGg8KC21vZGlmaWVkX29uEAIaDAoIX19uYW1lX18QAg","service":"FilterController/filterPlatform"}
{"date":"14-3-2022/20:25","level":"error","message":"Cannot read properties of undefined (reading 'find')","service":"FilterController/filterPlatform"}
{"date":"14-3-2022/20:26","level":"error","message":"Cannot read properties of undefined (reading 'find')","service":"FilterController/filterPlatform"}
{"date":"14-3-2022/21:1","level":"error","message":"The \"data\" argument must be of type string or an instance of Buffer, TypedArray, or DataView. Received undefined","service":"FilterController/filterPlatform"}
{"date":"14-3-2022/21:2","level":"error","message":"Function where() called with invalid data. Unsupported field value: undefined","service":"FilterController/filterPlatform"}
{"date":"14-3-2022/21:2","level":"error","message":"[object Object]","service":"FilterController/filterPlatform"}
{"date":"14-3-2022/21:3","level":"error","service":"FilterController/filterPlatform"}
{"date":"14-3-2022/21:3","level":"error","message":"[object Object]","service":"FilterController/filterPlatform"}
{"date":"14-3-2022/21:3","level":"error","service":"FilterController/filterPlatform"}
{"date":"14-3-2022/21:4","level":"error","message":"[object Object]","service":"FilterController/filterPlatform"}
{"date":"14-3-2022/21:4","level":"error","message":"Sifre yalnisdir","service":"FilterController/filterPlatform"}
{"date":"15-3-2022/1:20","level":"error","message":"Sorguya gore melumat tapilmadi","service":"FilterController/filterPlatform"}
{"date":"15-3-2022/1:20","level":"error","message":"Sorguya gore melumat tapilmadi","service":"FilterController/filterPlatform"}
{"date":"15-3-2022/1:21","level":"error","message":"Sorguya gore melumat tapilmadi","service":"FilterController/filterPlatform"}
{"date":"15-3-2022/1:21","level":"error","message":"Sorguya gore melumat tapilmadi","service":"FilterController/filterPlatform"}
{"date":"15-3-2022/15:12","level":"error","message":"Istifadeci tapilmadi","service":"FilterController/filterPlatform"}
{"date":"15-3-2022/15:12","level":"error","message":"Sifre yalnisdir","service":"FilterController/filterPlatform"}
{"date":"15-3-2022/15:12","level":"error","message":"Not Found","service":"api404"}
{"date":"15-3-2022/15:12","level":"error","message":"Istifadeci tapilmadi","service":"FilterController/filterPlatform"}
{"date":"15-3-2022/15:18","level":"error","message":"UserController/login"}
{"date":"15-3-2022/15:19","level":"error","message":"Istifadeci tapilmadi","service":"UserController/login"}
{"date":"15-3-2022/15:29","level":"error","message":"Istifadeci tapilmadi","service":"UserController/login"}
{"date":"15-3-2022/15:29","level":"error","message":"Istifadeci tapilmadi","service":"UserController/login"}
{"date":"15-3-2022/15:30","level":"error","message":"Istifadeci tapilmadi","service":"UserController/login"}
{"date":"15-3-2022/15:30","level":"error","message":"Istifadeci tapilmadi","service":"UserController/login"}
{"date":"15-3-2022/15:30","level":"error","message":"Istifadeci tapilmadi","service":"UserController/login"}
{"date":"15-3-2022/15:34","level":"error","message":"Istifadeci tapilmadi","service":"UserController/login"}
{"date":"15-3-2022/15:35","level":"error","message":"Istifadeci tapilmadi","service":"UserController/login"}
{"date":"15-3-2022/15:35","level":"error","message":"Sifre yalnisdir","service":"UserController/login"}
{"date":"15-3-2022/15:35","level":"error","message":"Not Found","service":"api404"}
{"date":"15-3-2022/15:35","level":"error","message":"Not Found","service":"api404"}
{"date":"15-3-2022/15:35","level":"error","message":"Not Found","service":"api404"}
{"date":"15-3-2022/15:35","level":"error","message":"Not Found","service":"api404"}
{"date":"15-3-2022/15:38","level":"error","message":"Not Found","service":"api404"}
{"date":"15-3-2022/15:38","level":"error","message":"Not Found","service":"api404"}
{"date":"15-3-2022/15:38","level":"error","message":"Not Found","service":"api404"}
{"date":"15-3-2022/15:38","level":"error","message":"Sorguya gore melumat tapilmadi","service":"FilterController/filterPlatform"}
{"date":"15-3-2022/15:48","level":"error","message":"Sorguya gore melumat tapilmadi","service":"FilterController/filterPlatform"}
{"date":"15-3-2022/15:48","level":"error","message":"Sorguya gore melumat tapilmadi","service":"FilterController/filterPlatform"}
{"date":"15-3-2022/15:48","level":"error","message":"Not Found","service":"api404"}
{"date":"15-3-2022/15:48","level":"error","message":"Sorguya gore melumat tapilmadi","service":"FilterController/filterPlatform"}
{"date":"15-3-2022/15:49","level":"error","message":"Sorguya gore melumat tapilmadi","service":"FilterController/filterPlatform"}
{"date":"15-3-2022/15:49","level":"error","message":"Sorguya gore melumat tapilmadi","service":"FilterController/filterPlatform"}
{"date":"15-3-2022/15:49","level":"error","message":"Not Found","service":"api404"}
{"date":"15-3-2022/15:49","level":"error","message":"Not Found","service":"api404"}
{"date":"15-3-2022/15:49","level":"error","message":"Not Found","service":"api404"}
{"date":"15-3-2022/15:49","level":"error","message":"Not Found","service":"api404"}
{"date":"15-3-2022/15:49","level":"error","message":"Not Found","service":"api404"}
{"date":"15-3-2022/15:49","level":"error","message":"Not Found","service":"api404"}
{"date":"15-3-2022/15:49","level":"error","message":"Not Found","service":"api404"}
{"date":"15-3-2022/15:49","level":"error","message":"Not Found","service":"api404"}
{"date":"15-3-2022/15:49","level":"error","message":"Not Found","service":"api404"}
{"date":"15-3-2022/15:49","level":"error","message":"Not Found","service":"api404"}
{"date":"15-3-2022/15:49","level":"error","message":"Sorguya gore melumat tapilmadi","service":"FilterController/filterPlatform"}
{"date":"15-3-2022/15:49","level":"error","message":"Not Found","service":"api404"}
{"date":"15-3-2022/15:49","level":"error","message":"Not Found","service":"api404"}
{"date":"15-3-2022/15:49","level":"error","message":"Sorguya gore melumat tapilmadi","service":"FilterController/filterPlatform"}
{"date":"15-3-2022/15:49","level":"error","message":"Sorguya gore melumat tapilmadi","service":"FilterController/filterPlatform"}
{"date":"15-3-2022/15:49","level":"error","message":"Sorguya gore melumat tapilmadi","service":"FilterController/filterPlatform"}
{"date":"15-3-2022/16:4","level":"error","message":"Sorguya gore melumat tapilmadi","service":"FilterController/filterPlatform"}
{"date":"15-3-2022/16:4","level":"error","message":"Not Found","service":"api404"}
{"date":"15-3-2022/16:4","level":"error","message":"Not Found","service":"api404"}
{"date":"15-3-2022/16:4","level":"error","message":"Not Found","service":"api404"}
{"date":"15-3-2022/16:5","level":"error","message":"Sorguya gore melumat tapilmadi","service":"FilterController/filterPlatform"}
{"date":"15-3-2022/16:5","level":"error","message":"Not Found","service":"api404"}
{"date":"15-3-2022/16:5","level":"error","message":"Not Found","service":"api404"}
{"date":"15-3-2022/16:5","level":"error","message":"Not Found","service":"api404"}
{"date":"15-3-2022/16:5","level":"error","message":"Not Found","service":"api404"}
{"date":"15-3-2022/16:5","level":"error","message":"Not Found","service":"api404"}
{"date":"15-3-2022/16:5","level":"error","message":"Not Found","service":"api404"}
{"date":"15-3-2022/16:5","level":"error","message":"Not Found","service":"api404"}
{"date":"15-3-2022/16:5","level":"error","message":"Not Found","service":"api404"}
{"date":"15-3-2022/16:5","level":"error","message":"Not Found","service":"api404"}
{"date":"15-3-2022/16:6","level":"error","message":"Not Found","service":"api404"}
{"date":"15-3-2022/16:6","level":"error","message":"Not Found","service":"api404"}
{"date":"15-3-2022/16:7","level":"error","message":"Diller yalnis qeyd olunub","service":"FilmController/add"}
{"date":"15-3-2022/16:8","level":"error","message":"Sorguya gore melumat tapilmadi","service":"FilterController/filterPlatform"}
{"date":"15-3-2022/16:8","level":"error","message":"Sorguya gore melumat tapilmadi","service":"FilterController/filterPlatform"}
{"date":"15-3-2022/16:8","level":"error","message":"Sorguya gore melumat tapilmadi","service":"FilterController/filterPlatform"}
{"date":"15-3-2022/16:8","level":"error","message":"Sorguya gore melumat tapilmadi","service":"FilterController/filterPlatform"}
{"date":"15-3-2022/16:8","level":"error","message":"Sorguya gore melumat tapilmadi","service":"FilterController/filterPlatform"}
{"date":"15-3-2022/16:8","level":"error","message":"Sorguya gore melumat tapilmadi","service":"FilterController/filterPlatform"}
{"date":"15-3-2022/16:8","level":"error","message":"Sorguya gore melumat tapilmadi","service":"FilterController/filterPlatform"}
{"date":"15-3-2022/16:8","level":"error","message":"Sorguya gore melumat tapilmadi","service":"FilterController/filterPlatform"}
{"date":"15-3-2022/16:8","level":"error","message":"Sorguya gore melumat tapilmadi","service":"FilterController/filterPlatform"}
{"date":"15-3-2022/16:8","level":"error","message":"Sorguya gore melumat tapilmadi","service":"FilterController/filterPlatform"}
{"date":"15-3-2022/16:8","level":"error","message":"Sorguya gore melumat tapilmadi","service":"FilterController/filterPlatform"}
{"date":"15-3-2022/16:8","level":"error","message":"Sorguya gore melumat tapilmadi","service":"FilterController/filterPlatform"}
{"date":"15-3-2022/16:8","level":"error","message":"Not Found","service":"api404"}
{"date":"15-3-2022/16:8","level":"error","message":"Istifadeci tapilmadi","service":"UserController/login"}
{"date":"15-3-2022/16:8","level":"error","message":"Sifre yalnisdir","service":"UserController/login"}
{"date":"15-3-2022/16:29","level":"error","message":"Sifre yalnisdir","service":"UserController/login"}
{"date":"15-3-2022/16:30","level":"error","message":"Istifadeci tapilmadi","service":"UserController/login"}
{"date":"15-3-2022/16:30","level":"error","message":"Istifadeci tapilmadi","service":"UserController/login"}
{"date":"15-3-2022/16:31","level":"error","message":"Istifadeci tapilmadi","service":"UserController/login"}
{"date":"15-3-2022/16:31","level":"error","message":"Istifadeci tapilmadi","service":"UserController/login"}
{"date":"15-3-2022/16:31","level":"error","message":"Sifre yalnisdir","service":"UserController/login"}
{"date":"15-3-2022/16:41","level":"error","message":"Sifre yalnisdir","service":"UserController/login"}
{"date":"15-3-2022/16:43","level":"error","message":"Cannot read properties of undefined (reading 'name')","service":"ContentTypeController/getall"}
{"date":"15-3-2022/16:43","level":"error","message":"Cannot read properties of undefined (reading 'name')","service":"ContentTypeController/getall"}
{"date":"15-3-2022/16:45","level":"error"}
{"date":"15-3-2022/16:45","level":"error","message":"Sifre yalnisdir","service":"UserController/login"}
{"date":"15-3-2022/16:45","level":"error","message":"Sifre yalnisdir","service":"UserController/login"}
{"date":"15-3-2022/16:45","level":"error","message":"Sifre yalnisdir","service":"UserController/login"}
{"date":"15-3-2022/16:45","level":"error","message":"Sifre yalnisdir","service":"UserController/login"}
{"date":"15-3-2022/16:45","level":"error","message":"Sifre yalnisdir","service":"UserController/login"}
{"date":"15-3-2022/16:49","level":"error","message":"Sifre yalnisdir","service":"UserController/login"}
{"date":"15-3-2022/16:50","level":"error","message":"Istifadeci tapilmadi","service":"UserController/login"}
{"date":"15-3-2022/16:50","level":"error","message":"Sifre yalnisdir","service":"UserController/login"}
{"date":"15-3-2022/16:50","level":"error","message":"Not Found","service":"api404"}
{"date":"15-3-2022/16:50","level":"error","message":"Not Found","service":"api404"}
{"date":"15-3-2022/16:50","level":"error","message":"Not Found","service":"api404"}
{"date":"15-3-2022/16:50","level":"error","message":"Not Found","service":"api404"}
{"date":"15-3-2022/16:50","level":"error","message":"Not Found","service":"api404"}
{"date":"15-3-2022/16:50","level":"error","message":"Not Found","service":"api404"}
{"date":"15-3-2022/16:50","level":"error","message":"Not Found","service":"api404"}
{"date":"15-3-2022/16:50","level":"error","message":"Not Found","service":"api404"}
{"date":"15-3-2022/16:50","level":"error","message":"Sifre yalnisdir","service":"UserController/login"}
{"date":"15-3-2022/16:50","level":"error","message":"Sifre yalnisdir","service":"UserController/login"}
{"date":"15-3-2022/16:50","level":"error","message":"Sifre yalnisdir","service":"UserController/login"}
{"date":"15-3-2022/16:50","level":"error","message":"Sifre yalnisdir","service":"UserController/login"}
{"date":"15-3-2022/16:50","level":"error","message":"Sifre yalnisdir","service":"UserController/login"}
{"date":"15-3-2022/17:28","level":"error","message":"Istifadeci tapilmadi","service":"UserController/login"}
{"date":"15-3-2022/17:32","level":"error","message":"Siz qeydiyyatdan kecmemisiz","service":"UserController/login"}
{"date":"15-3-2022/17:33","level":"error","message":"Sifre yalnisdir","service":"UserController/login"}
{"date":"15-3-2022/17:33","level":"error","message":"Sifre yalnisdir","service":"UserController/login"}
{"date":"15-3-2022/17:33","level":"error","message":"Sifre yalnisdir","service":"UserController/login"}
{"date":"15-3-2022/17:33","level":"error","message":"Sifre yalnisdir","service":"UserController/login"}
{"date":"15-3-2022/17:33","level":"error","message":"Not Found","service":"api404"}
{"date":"15-3-2022/17:33","level":"error","message":"Not Found","service":"api404"}
{"date":"15-3-2022/17:33","level":"error","message":"Cannot read properties of undefined (reading 'name')","service":"ContentTypeController/getall"}
{"date":"15-3-2022/17:33","level":"error","message":"Not Found","service":"api404"}
{"date":"15-3-2022/17:33","level":"error","message":"Not Found","service":"api404"}
{"date":"15-3-2022/17:33","level":"error","message":"Not Found","service":"api404"}
{"date":"15-3-2022/17:33","level":"error","message":"Not Found","service":"api404"}
{"date":"15-3-2022/17:33","level":"error","message":"Not Found","service":"api404"}
{"date":"15-3-2022/17:33","level":"error","message":"Not Found","service":"api404"}
{"date":"15-3-2022/17:33","level":"error","message":"Not Found","service":"api404"}
{"date":"15-3-2022/17:33","level":"error","message":"Not Found","service":"api404"}
{"date":"15-3-2022/17:33","level":"error","message":"Not Found","service":"api404"}
{"date":"15-3-2022/17:33","level":"error","message":"Not Found","service":"api404"}
{"date":"15-3-2022/18:48","level":"error","message":"Istifadeci tapilmadi","service":"UserController/login"}
{"date":"15-3-2022/18:48","level":"error","message":"Istifadeci tapilmadi","service":"UserController/login"}
{"date":"15-3-2022/18:49","level":"error","message":"Istifadeci tapilmadi","service":"UserController/login"}
{"date":"15-3-2022/18:49","level":"error","message":"Istifadeci tapilmadi","service":"UserController/login"}
{"date":"15-3-2022/18:51","level":"error","message":"Istifadeci tapilmadi","service":"UserController/login"}
{"date":"15-3-2022/18:52","level":"error","message":"Istifadeci tapilmadi","service":"UserController/login"}
{"date":"15-3-2022/19:8","level":"error","message":"Istifadeci tapilmadi","service":"UserController/login"}
{"date":"15-3-2022/19:8","level":"error","message":"Istifadeci tapilmadi","service":"UserController/login"}
{"date":"15-3-2022/19:8","level":"error","message":"Istifadeci tapilmadi","service":"UserController/login"}
{"date":"15-3-2022/19:9","level":"error","message":"Istifadeci tapilmadi","service":"UserController/login"}
{"date":"15-3-2022/19:9","level":"error","message":"Istifadeci tapilmadi","service":"UserController/login"}
{"date":"15-3-2022/19:9","level":"error","message":"Istifadeci tapilmadi","service":"UserController/login"}
{"date":"15-3-2022/19:12","level":"error","message":"Istifadeci tapilmadi","service":"UserController/login"}
{"date":"15-3-2022/19:12","level":"error","message":"Sifre yalnisdir","service":"UserController/login"}
{"date":"15-3-2022/19:15","level":"error","message":"Sifre yalnisdir","service":"UserController/login"}
{"date":"15-3-2022/19:15","level":"error","message":"Istifadeci tapilmadi","service":"UserController/login"}
{"date":"15-3-2022/19:16","level":"error","message":"Sifre yalnisdir","service":"UserController/login"}
{"date":"15-3-2022/19:17","level":"error","message":"Istifadeci tapilmadi","service":"UserController/login"}
{"date":"15-3-2022/19:17","level":"error","message":"Istifadeci tapilmadi","service":"UserController/login"}
{"date":"15-3-2022/19:17","level":"error","message":"Istifadeci tapilmadi","service":"UserController/login"}
{"date":"15-3-2022/19:18","level":"error","message":"Sifre yalnisdir","service":"UserController/login"}
{"date":"15-3-2022/19:19","level":"error","message":"Sifre yalnisdir","service":"UserController/login"}
{"date":"15-3-2022/19:19","level":"error","message":"Sifre yalnisdir","service":"UserController/login"}
{"date":"15-3-2022/19:19","level":"error","message":"Sifre yalnisdir","service":"UserController/login"}
{"date":"15-3-2022/19:19","level":"error","message":"Sifre yalnisdir","service":"UserController/login"}
{"date":"16-3-2022/0:16","level":"error","message":"Not Found","service":"api404"}
{"date":"16-3-2022/0:16","level":"error","message":"Not Found","service":"api404"}
{"date":"16-3-2022/0:16","level":"error","message":"Not Found","service":"api404"}
{"date":"16-3-2022/0:16","level":"error","message":"Not Found","service":"api404"}
{"date":"16-3-2022/0:16","level":"error","message":"Not Found","service":"api404"}
{"date":"16-3-2022/0:16","level":"error","message":"Not Found","service":"api404"}
{"date":"16-3-2022/0:16","level":"error","message":"Not Found","service":"api404"}
{"date":"16-3-2022/0:16","level":"error","message":"Not Found","service":"api404"}
{"date":"16-3-2022/0:16","level":"error","message":"Not Found","service":"api404"}
{"date":"16-3-2022/0:16","level":"error","message":"Not Found","service":"api404"}
{"date":"16-3-2022/0:16","level":"error","message":"Not Found","service":"api404"}
{"date":"16-3-2022/0:16","level":"error","message":"Not Found","service":"api404"}
{"date":"16-3-2022/0:16","level":"error","message":"Not Found","service":"api404"}
{"date":"16-3-2022/0:16","level":"error","message":"Not Found","service":"api404"}
{"date":"16-3-2022/0:16","level":"error","message":"Not Found","service":"api404"}
{"date":"16-3-2022/0:16","level":"error","message":"Not Found","service":"api404"}
{"date":"16-3-2022/0:16","level":"error","message":"Not Found","service":"api404"}
{"date":"16-3-2022/0:16","level":"error","message":"Not Found","service":"api404"}
{"date":"16-3-2022/0:16","level":"error","message":"Not Found","service":"api404"}
{"date":"16-3-2022/0:16","level":"error","message":"Not Found","service":"api404"}
{"date":"16-3-2022/0:16","level":"error","message":"Not Found","service":"api404"}
{"date":"16-3-2022/0:38","level":"error","message":"Not Found","service":"api404"}
{"date":"16-3-2022/0:38","level":"error","message":"Not Found","service":"api404"}
{"date":"16-3-2022/0:38","level":"error","message":"Not Found","service":"api404"}
{"date":"16-3-2022/0:40","level":"error","message":"Not Found","service":"api404"}
{"date":"16-3-2022/0:40","level":"error","message":"Sifre yalnisdir","service":"UserController/login"}
{"date":"16-3-2022/0:40","level":"error","message":"Sifre yalnisdir","service":"UserController/login"}
{"date":"16-3-2022/0:40","level":"error","message":"Sifre yalnisdir","service":"UserController/login"}
{"date":"16-3-2022/0:40","level":"error","message":"Sifre yalnisdir","service":"UserController/login"}
{"date":"16-3-2022/0:40","level":"error","message":"Sifre yalnisdir","service":"UserController/login"}
{"date":"16-3-2022/0:46","level":"error","message":"Sifre yalnisdir","service":"UserController/login"}
{"date":"16-3-2022/0:46","level":"error","message":"Sifre yalnisdir","service":"UserController/login"}
{"date":"16-3-2022/0:46","level":"error","message":"Sifre yalnisdir","service":"UserController/login"}
{"date":"16-3-2022/0:46","level":"error","message":"Sifre yalnisdir","service":"UserController/login"}
{"date":"16-3-2022/0:46","level":"error","message":"Sifre yalnisdir","service":"UserController/login"}
{"date":"16-3-2022/0:46","level":"error","message":"Sifre yalnisdir","service":"UserController/login"}
{"date":"16-3-2022/0:46","level":"error","message":"Sifre yalnisdir","service":"UserController/login"}
{"date":"16-3-2022/0:46","level":"error","message":"Sifre yalnisdir","service":"UserController/login"}
{"date":"16-3-2022/0:46","level":"error","message":"Sifre yalnisdir","service":"UserController/login"}
{"date":"16-3-2022/0:46","level":"error","message":"Sifre yalnisdir","service":"UserController/login"}
{"date":"16-3-2022/0:46","level":"error","message":"Sifre yalnisdir","service":"UserController/login"}
{"date":"16-3-2022/0:46","level":"error","message":"Sifre yalnisdir","service":"UserController/login"}
{"date":"16-3-2022/0:46","level":"error","message":"Sifre yalnisdir","service":"UserController/login"}
{"date":"16-3-2022/0:46","level":"error","message":"Sifre yalnisdir","service":"UserController/login"}
{"date":"16-3-2022/0:46","level":"error","message":"Sifre yalnisdir","service":"UserController/login"}
{"date":"16-3-2022/0:46","level":"error","message":"Sifre yalnisdir","service":"UserController/login"}
{"date":"16-3-2022/0:46","level":"error","message":"Sifre yalnisdir","service":"UserController/login"}
{"date":"16-3-2022/0:46","level":"error","message":"Sifre yalnisdir","service":"UserController/login"}
{"date":"16-3-2022/0:46","level":"error","message":"The \"data\" argument must be of type string or an instance of Buffer, TypedArray, or DataView. Received undefined","service":"UserController/login"}
{"date":"16-3-2022/0:46","level":"error","message":"The \"data\" argument must be of type string or an instance of Buffer, TypedArray, or DataView. Received undefined","service":"UserController/login"}
{"date":"16-3-2022/14:7","level":"error","message":"Not Found","service":"api404"}
{"date":"16-3-2022/14:19","level":"error","message":"Not Found","service":"api404"}
{"date":"16-3-2022/14:19","level":"error","message":"Not Found","service":"api404"}
{"date":"16-3-2022/14:19","level":"error","message":"Sifre yalnisdir","service":"UserController/login"}
{"date":"16-3-2022/14:19","level":"error","message":"Sifre yalnisdir","service":"UserController/login"}
{"date":"16-3-2022/14:19","level":"error","message":"Sifre yalnisdir","service":"UserController/login"}
{"date":"16-3-2022/14:19","level":"error","message":"Sifre yalnisdir","service":"UserController/login"}
{"date":"16-3-2022/14:19","level":"error","message":"Sifre yalnisdir","service":"UserController/login"}
{"date":"16-3-2022/14:19","level":"error","message":"Sifre yalnisdir","service":"UserController/login"}
{"date":"16-3-2022/14:23","level":"error","message":"Sifre yalnisdir","service":"UserController/login"}
{"date":"16-3-2022/14:23","level":"error","message":"Sifre yalnisdir","service":"UserController/login"}
{"date":"16-3-2022/14:23","level":"error","message":"Sifre yalnisdir","service":"UserController/login"}
{"date":"16-3-2022/14:25","level":"error","message":"Sifre yalnisdir","service":"UserController/login"}
{"date":"16-3-2022/14:25","level":"error","message":"Sifre yalnisdir","service":"UserController/login"}
{"date":"16-3-2022/14:25","level":"error","message":"Sifre yalnisdir","service":"UserController/login"}
{"date":"16-3-2022/14:25","level":"error","message":"Sifre yalnisdir","service":"UserController/login"}
{"date":"16-3-2022/14:26","level":"error","message":"Sifre yalnisdir","service":"UserController/login"}
{"date":"16-3-2022/14:26","level":"error","message":"The \"data\" argument must be of type string or an instance of Buffer, TypedArray, or DataView. Received undefined","service":"UserController/login"}
{"date":"16-3-2022/14:26","level":"error","message":"The \"data\" argument must be of type string or an instance of Buffer, TypedArray, or DataView. Received undefined","service":"UserController/login"}
{"date":"16-3-2022/14:26","level":"error","message":"Sifre yalnisdir","service":"UserController/login"}
{"date":"16-3-2022/14:26","level":"error","message":"Sifre yalnisdir","service":"UserController/login"}
{"date":"16-3-2022/14:26","level":"error","message":"Sifre yalnisdir","service":"UserController/login"}
{"date":"16-3-2022/17:18","level":"error","message":"[object Object]","service":"TvShowController/add"}
{"date":"16-3-2022/17:21","level":"error","message":{},"service":"TvShowController/add"}
{"date":"16-3-2022/17:22","level":"error","message":"[object Object]","service":"TvShowController/add"}
{"date":"16-3-2022/17:23","level":"error","message":"[object Object]","service":"TvShowController/add"}
{"date":"16-3-2022/17:23","level":"error","message":"[object Object]","service":"TvShowController/add"}
{"date":"16-3-2022/17:23","level":"error","message":"[object Object]","service":"TvShowController/add"}
{"date":"16-3-2022/17:24","level":"error","message":"[object Object]","service":"TvShowController/add"}
{"date":"16-3-2022/17:24","level":"error","message":"[object Object]","service":"TvShowController/add"}
{"date":"16-3-2022/18:3","level":"error","message":"Bu adda platforma artiq var","service":"PlatformController/add"}
{"date":"16-3-2022/18:10","level":"error","message":"Invalid document reference. Document references must have an even number of segments, but Platform has 1.","service":"PlatformController/update"}
{"date":"16-3-2022/18:10","level":"error","message":"body is not defined","service":"PlatformController/update"}
{"date":"16-3-2022/18:42","level":"error","message":"[object Object]","service":"TvShowController/add"}
{"date":"16-3-2022/18:42","level":"error","message":"[object Object]","service":"TvShowController/add"}
{"date":"16-3-2022/18:43","level":"error","message":"Timestamp is not defined","service":"TvShowController/add"}
{"date":"16-3-2022/18:43","level":"error","message":"Function addDoc() called with invalid data. Unsupported field value: undefined (found in field time in document Content/ntuK4ZotwVwZBTBvwuhZ)","service":"TvShowController/add"}
{"date":"16-3-2022/18:44","level":"error","message":"Function addDoc() called with invalid data. Unsupported field value: undefined (found in field time in document Content/qe7DvroApTVX00KBZNAg)","service":"TvShowController/add"}
{"date":"16-3-2022/18:44","level":"error","message":"Not Found","service":"api404"}
{"date":"16-3-2022/18:44","level":"error","message":"Not Found","service":"api404"}
{"date":"16-3-2022/18:44","level":"error","message":"Not Found","service":"api404"}
{"date":"16-3-2022/18:45","level":"error","message":"Not Found","service":"api404"}
{"date":"16-3-2022/23:54","level":"error","message":"Function addDoc() called with invalid data. Unsupported field value: undefined (found in field time in document Content/fe29ftFsLlJvmRbbfgSV)","service":"TvShowController/add"}
{"date":"17-3-2022/0:7","level":"error","message":"Function addDoc() called with invalid data. Unsupported field value: undefined (found in field time in document Content/CuNYyNOznZFD2L4SRx0y)","service":"TvShowController/add"}
{"date":"17-3-2022/0:7","level":"error","message":"Function addDoc() called with invalid data. Unsupported field value: undefined (found in field time in document Content/KZEvloWDpaLOBWHH2AV1)","service":"TvShowController/add"}
{"date":"17-3-2022/0:8","level":"error","message":"Function addDoc() called with invalid data. Unsupported field value: undefined (found in field time in document Content/8vekwCIdfehJtwSYHfSC)","service":"TvShowController/add"}
{"date":"17-3-2022/0:8","level":"error","message":"Sorguya gore melumat tapilmadi","service":"FilterController/filterPlatform"}
{"date":"17-3-2022/0:10","level":"error","message":"Function addDoc() called with invalid data. Unsupported field value: undefined (found in field time in document Content/YHyv8hITkwONWry1tTYl)","service":"TvShowController/add"}
{"date":"17-3-2022/0:10","level":"error","message":"Function addDoc() called with invalid data. Unsupported field value: undefined (found in field time in document Content/vhtx6dZw3lMhQghEJ1Ox)","service":"TvShowController/add"}
{"date":"17-3-2022/0:40","level":"error","message":"Not Found","service":"api404"}
{"date":"17-3-2022/0:40","level":"error","message":"Invalid document reference. Document references must have an even number of segments, but Favory has 1.","service":"FavoryController/add"}
{"date":"17-3-2022/0:40","level":"error","message":"Cannot read properties of null (reading 'id')","service":"FavoryController/add"}
{"date":"17-3-2022/0:41","level":"error","message":"Cannot read properties of null (reading 'id')","service":"FavoryController/add"}
{"date":"17-3-2022/0:41","level":"error","message":"User yoxdur","service":"FavoryController/add"}
{"date":"17-3-2022/0:41","level":"error","message":"Istifadeci tapilmadi","service":"UserController/login"}
{"date":"17-3-2022/0:47","level":"error","message":"User yoxdur","service":"FavoryController/GetByUser"}
{"date":"17-3-2022/0:47","level":"error","message":"Cannot read properties of undefined (reading 'transports')","service":"FavoryController/GetByUser"}
{"date":"17-3-2022/0:49","level":"error","message":"Cannot read properties of undefined (reading 'transports')","service":"FavoryController/GetByUser"}
{"date":"17-3-2022/0:50","level":"error","message":"Cannot read properties of undefined (reading 'transports')","service":"FavoryController/GetByUser"}
{"date":"17-3-2022/0:58","level":"error","message":"Cannot access 'contentref' before initialization","service":"FavoryController/GetByUser"}
{"date":"17-3-2022/0:59","level":"error","message":"Cannot access 'contentref' before initialization","service":"FavoryController/GetByUser"}
{"date":"17-3-2022/1:1","level":"error","message":"Invalid Query. You can't perform 'array-contains-any' queries on documentId().","service":"FavoryController/GetByUser"}
{"date":"17-3-2022/1:1","level":"error","message":"Invalid Query. You can't perform 'array-contains-any' queries on documentId().","service":"FavoryController/GetByUser"}
{"date":"17-3-2022/1:1","level":"error","message":"Invalid Query. You can't perform 'array-contains' queries on documentId().","service":"FavoryController/GetByUser"}
{"date":"17-3-2022/1:7","level":"error","message":"favory is not iterable","service":"FavoryController/GetByUser"}
{"date":"17-3-2022/1:9","level":"error","message":"favory.map is not a function","service":"FavoryController/GetByUser"}
{"date":"17-3-2022/1:10","level":"error","message":"Invalid Query. A non-empty array is required for 'in' filters.","service":"FavoryController/GetByUser"}
{"date":"17-3-2022/1:11","level":"error","message":"undefined is not iterable (cannot read property Symbol(Symbol.iterator))","service":"FavoryController/GetByUser"}
{"date":"17-3-2022/1:12","level":"error","message":"undefined is not iterable (cannot read property Symbol(Symbol.iterator))","service":"FavoryController/GetByUser"}
{"date":"17-3-2022/1:12","level":"error","message":"undefined is not iterable (cannot read property Symbol(Symbol.iterator))","service":"FavoryController/GetByUser"}
{"date":"17-3-2022/1:12","level":"error","message":"undefined is not iterable (cannot read property Symbol(Symbol.iterator))","service":"FavoryController/GetByUser"}
{"date":"17-3-2022/1:12","level":"error","message":"Invalid Query. A non-empty array is required for 'in' filters.","service":"FavoryController/GetByUser"}
{"date":"17-3-2022/1:14","level":"error","message":"favory.map is not a function","service":"FavoryController/GetByUser"}
{"date":"17-3-2022/1:14","level":"error","message":"favory.map is not a function","service":"FavoryController/GetByUser"}
{"date":"17-3-2022/1:16","level":"error","message":"favory.reduce is not a function","service":"FavoryController/GetByUser"}
{"date":"17-3-2022/1:17","level":"error","message":"fs is not defined","service":"FavoryController/GetByUser"}
{"date":"17-3-2022/1:23","level":"error","message":"response.data is not a function","service":"FavoryController/GetByUser"}
{"date":"17-3-2022/1:47","level":"error","message":"Cannot read properties of undefined (reading 'id')","service":"FavoryController/GetByUser"}
{"date":"17-3-2022/3:18","level":"error","message":"Not Found","service":"api404"}
{"date":"17-3-2022/3:25","level":"error","message":"Invalid Query. A non-empty array is required for 'in' filters.","service":"TvShowController/GetById"}
{"date":"17-3-2022/3:26","level":"error","message":"Invalid Query. A non-empty array is required for 'in' filters.","service":"TvShowController/GetById"}
{"date":"17-3-2022/3:27","level":"error","message":"Invalid Query. A non-empty array is required for 'in' filters.","service":"TvShowController/GetById"}
{"date":"17-3-2022/3:27","level":"error","service":"TvShowController/GetById"}
{"date":"17-3-2022/3:27","level":"error","message":"Invalid Query. A non-empty array is required for 'in' filters.","service":"TvShowController/GetById"}
{"date":"17-3-2022/3:28","level":"error","message":"Seasons.data is not a function","service":"TvShowController/GetById"}
{"date":"17-3-2022/3:31","level":"error","message":"Invalid query. When querying with documentId(), you must provide a valid string or a DocumentReference, but it was: an array.","service":"TvShowController/GetById"}
{"date":"17-3-2022/3:33","level":"error","service":"TvShowController/GetById"}
{"date":"17-3-2022/3:33","level":"error","service":"TvShowController/GetById"}
{"date":"17-3-2022/3:33","level":"error","service":"TvShowController/GetById"}
{"date":"17-3-2022/3:33","level":"error","message":"Cannot read properties of undefined (reading 'forEach')","service":"TvShowController/GetById"}
{"date":"17-3-2022/3:35","level":"error","message":"Cannot read properties of undefined (reading 'forEach')","service":"TvShowController/GetById"}
{"date":"17-3-2022/3:38","level":"error","message":"Cannot read properties of undefined (reading 'forEach')","service":"TvShowController/GetById"}
{"date":"17-3-2022/3:38","level":"error","message":"Cannot read properties of undefined (reading 'forEach')","service":"TvShowController/GetById"}
{"date":"17-3-2022/3:40","level":"error","message":"Cannot read properties of undefined (reading 'forEach')","service":"TvShowController/GetById"}
{"date":"17-3-2022/3:40","level":"error","service":"TvShowController/GetById"}
{"date":"17-3-2022/3:40","level":"error","message":"Cannot read properties of undefined (reading 'forEach')","service":"TvShowController/GetById"}
{"date":"17-3-2022/3:41","level":"error","service":"TvShowController/GetById"}
{"date":"17-3-2022/3:41","level":"error","message":"Cannot read properties of undefined (reading 'forEach')","service":"TvShowController/GetById"}
{"date":"17-3-2022/3:41","level":"error","service":"TvShowController/GetById"}
{"date":"17-3-2022/3:41","level":"error","message":"Cannot read properties of undefined (reading 'forEach')","service":"TvShowController/GetById"}
{"date":"17-3-2022/3:42","level":"error","service":"TvShowController/GetById"}
{"date":"17-3-2022/3:42","level":"error","message":"x is not defined","service":"TvShowController/GetById"}
{"date":"17-3-2022/3:42","level":"error","message":"a.data is not a function","service":"TvShowController/GetById"}
{"date":"17-3-2022/3:45","level":"error","message":"Seasons.map is not a function","service":"TvShowController/GetById"}
{"date":"17-3-2022/3:46","level":"error","message":"undefined is not iterable (cannot read property Symbol(Symbol.iterator))","service":"TvShowController/GetById"}
{"date":"17-3-2022/3:46","level":"error","message":"Seasons.map is not a function","service":"TvShowController/GetById"}
{"date":"17-3-2022/3:48","level":"error","message":"Invalid Query. A non-empty array is required for 'in' filters.","service":"TvShowController/GetById"}
{"date":"17-3-2022/3:49","level":"error","message":"Invalid Query. A non-empty array is required for 'in' filters.","service":"TvShowController/GetById"}
{"date":"17-3-2022/3:50","level":"error","message":"Invalid Query. A non-empty array is required for 'in' filters.","service":"TvShowController/GetById"}
{"date":"17-3-2022/3:50","level":"error","message":"Invalid Query. A non-empty array is required for 'in' filters.","service":"TvShowController/GetById"}
{"date":"17-3-2022/3:50","level":"error","message":"Invalid Query. A non-empty array is required for 'in' filters.","service":"TvShowController/GetById"}
{"date":"17-3-2022/3:51","level":"error","message":"Invalid Query. You can't perform 'array-contains' queries on documentId().","service":"TvShowController/GetById"}
{"date":"17-3-2022/3:51","level":"error","message":"Invalid Query. You can't perform 'array-contains-any' queries on documentId().","service":"TvShowController/GetById"}
{"date":"17-3-2022/3:51","level":"error","message":"Invalid Query. A non-empty array is required for 'in' filters.","service":"TvShowController/GetById"}
{"date":"17-3-2022/3:51","level":"error","service":"TvShowController/GetById"}
{"date":"17-3-2022/3:55","level":"error","service":"TvShowController/GetById"}
{"date":"17-3-2022/3:57","level":"error","service":"TvShowController/GetById"}
{"date":"17-3-2022/3:57","level":"error","service":"TvShowController/GetById"}
{"date":"17-3-2022/3:57","level":"error","service":"TvShowController/GetById"}
{"date":"17-3-2022/4:1","level":"error","service":"TvShowController/GetById"}
{"date":"17-3-2022/4:3","level":"error","message":"Cannot read properties of undefined (reading 'find')","service":"TvShowController/GetById"}
{"date":"17-3-2022/4:4","level":"error","message":"Cannot read properties of undefined (reading 'toDate')","service":"TvShowController/GetById"}
{"date":"17-3-2022/4:5","level":"error","message":"data.add_date.toDate is not a function","service":"TvShowController/GetById"}
{"date":"17-3-2022/4:5","level":"error","message":"data.modified_on.toDate is not a function","service":"TvShowController/GetById"}
{"date":"17-3-2022/4:5","level":"error","message":"Cannot read properties of undefined (reading 'forEach')","service":"TvShowController/GetById"}
{"date":"17-3-2022/4:9","level":"error","message":"Cannot read properties of undefined (reading 'find')","service":"TvShowController/GetById"}
{"date":"17-3-2022/4:9","level":"error","message":"Cannot read properties of undefined (reading 'find')","service":"TvShowController/GetById"}
{"date":"17-3-2022/4:9","level":"error","message":"Cannot read properties of undefined (reading 'name')","service":"TvShowController/GetById"}
{"date":"17-3-2022/4:10","level":"error","message":"Cannot read properties of undefined (reading 'name')","service":"TvShowController/GetById"}
{"date":"17-3-2022/18:39","level":"error","message":"Not Found","service":"api404"}
{"date":"17-3-2022/18:39","level":"error","message":"Not Found","service":"api404"}
{"date":"17-3-2022/18:39","level":"error","message":"Not Found","service":"api404"}
{"date":"17-3-2022/21:38","level":"error","message":"Not Found","service":"api404"}
{"date":"17-3-2022/21:49","level":"error","message":"Not Found","service":"api404"}
{"date":"17-3-2022/21:49","level":"error","message":"Not Found","service":"api404"}
{"date":"17-3-2022/21:50","level":"error","message":"Sifre yalnisdir","service":"UserController/login"}
{"date":"17-3-2022/21:50","level":"error","message":"Sifre yalnisdir","service":"UserController/login"}
{"date":"17-3-2022/21:50","level":"error","message":"Sifre yalnisdir","service":"UserController/login"}
{"date":"17-3-2022/21:50","level":"error","message":"Sifre yalnisdir","service":"UserController/login"}
{"date":"17-3-2022/21:50","level":"error","message":"Sifre yalnisdir","service":"UserController/login"}
{"date":"17-3-2022/21:50","level":"error","message":"Sifre yalnisdir","service":"UserController/login"}
{"date":"17-3-2022/21:50","level":"error","message":"Sifre yalnisdir","service":"UserController/login"}
{"date":"17-3-2022/21:50","level":"error","message":"Sifre yalnisdir","service":"UserController/login"}
{"date":"17-3-2022/21:50","level":"error","message":"Sifre yalnisdir","service":"UserController/login"}
{"date":"17-3-2022/21:50","level":"error","message":"Sifre yalnisdir","service":"UserController/login"}
{"date":"17-3-2022/21:50","level":"error","message":"Sifre yalnisdir","service":"UserController/login"}
{"date":"17-3-2022/21:50","level":"error","message":"Sifre yalnisdir","service":"UserController/login"}
{"date":"18-3-2022/0:30","level":"error","message":"Not Found","service":"api404"}
{"date":"18-3-2022/0:31","level":"error","message":"Not Found","service":"api404"}
{"date":"18-3-2022/0:31","level":"error","message":"Not Found","service":"api404"}
{"date":"18-3-2022/1:44","level":"error","message":"Not Found","service":"api404"}
{"date":"18-3-2022/1:44","level":"error","message":"Not Found","service":"api404"}
{"date":"18-3-2022/6:4","level":"error","message":"docRef.data(...).then is not a function","service":"FilmController/GetById"}
{"date":"18-3-2022/6:5","level":"error","message":"Failed to get document from cache. (However, this document may exist on the server. Run again without setting 'source' in the GetOptions to attempt to retrieve the document from the server.)","service":"FilmController/GetById"}
{"date":"18-3-2022/6:22","level":"error","message":"Cannot read properties of undefined (reading 'size')","service":"TvShowController/GetById"}
{"date":"18-3-2022/7:5","level":"error","message":"Expected type 'Query', but it was: an array","service":"TvShowController/GetById"}
{"date":"18-3-2022/7:5","level":"error","message":"actors.forEach is not a function","service":"TvShowController/GetById"}
{"date":"18-3-2022/7:6","level":"error","service":"TvShowController/GetById"}
{"date":"18-3-2022/7:7","level":"error","message":"actors.forEach is not a function","service":"TvShowController/GetById"}
{"date":"18-3-2022/7:31","level":"error","service":"TvShowController/GetById"}
{"date":"18-3-2022/7:32","level":"error","service":"TvShowController/GetById"}
{"date":"18-3-2022/7:38","level":"error","service":"TvShowController/GetById"}
{"date":"18-3-2022/7:41","level":"error","service":"TvShowController/GetById"}
{"date":"21-3-2022/8:20","level":"error","message":"Not Found","service":"api404"}
{"date":"21-3-2022/8:20","level":"error","message":"Not Found","service":"api404"}
{"date":"21-3-2022/8:20","level":"error","message":"Not Found","service":"api404"}
{"date":"21-3-2022/8:20","level":"error","message":"Not Found","service":"api404"}
{"date":"21-3-2022/8:20","level":"error","message":"Not Found","service":"api404"}
{"date":"21-3-2022/8:49","level":"error","message":"Not Found","service":"api404"}
{"date":"21-3-2022/8:49","level":"error","message":"Not Found","service":"api404"}
{"date":"21-3-2022/8:57","level":"error","message":"Not Found","service":"api404"}
{"date":"21-3-2022/8:57","level":"error","message":"Not Found","service":"api404"}
{"date":"21-3-2022/9:11","level":"error","message":"Not Found","service":"api404"}
{"date":"21-3-2022/9:11","level":"error","message":"Not Found","service":"api404"}
{"date":"21-3-2022/9:13","level":"error","message":"Not Found","service":"api404"}
{"date":"21-3-2022/9:13","level":"error","message":"Not Found","service":"api404"}
{"date":"21-3-2022/9:14","level":"error","message":"Not Found","service":"api404"}
{"date":"21-3-2022/9:14","level":"error","message":"Not Found","service":"api404"}
{"date":"21-3-2022/9:18","level":"error","message":"Not Found","service":"api404"}
{"date":"21-3-2022/9:18","level":"error","message":"Not Found","service":"api404"}
{"date":"21-3-2022/9:18","level":"error","message":"Not Found","service":"api404"}
{"date":"21-3-2022/9:18","level":"error","message":"Not Found","service":"api404"}
{"date":"21-3-2022/9:20","level":"error","message":"Not Found","service":"api404"}
{"date":"21-3-2022/9:20","level":"error","message":"Not Found","service":"api404"}
{"date":"21-3-2022/9:21","level":"error","message":"Not Found","service":"api404"}
{"date":"21-3-2022/9:21","level":"error","message":"Not Found","service":"api404"}
{"date":"21-3-2022/9:22","level":"error","message":"Not Found","service":"api404"}
{"date":"21-3-2022/9:22","level":"error","message":"Not Found","service":"api404"}
{"date":"21-3-2022/9:23","level":"error","message":"Not Found","service":"api404"}
{"date":"21-3-2022/9:23","level":"error","message":"Not Found","service":"api404"}
{"date":"21-3-2022/9:27","level":"error","message":"Not Found","service":"api404"}
{"date":"21-3-2022/9:27","level":"error","message":"Not Found","service":"api404"}
{"date":"21-3-2022/9:28","level":"error","message":"Not Found","service":"api404"}
{"date":"21-3-2022/9:28","level":"error","message":"Not Found","service":"api404"}
{"date":"21-3-2022/9:28","level":"error","message":"Not Found","service":"api404"}
{"date":"21-3-2022/9:28","level":"error","message":"Not Found","service":"api404"}
{"date":"21-3-2022/9:40","level":"error","message":"Not Found","service":"api404"}
{"date":"21-3-2022/9:40","level":"error","message":"Not Found","service":"api404"}
{"date":"21-3-2022/9:43","level":"error","message":"Not Found","service":"api404"}
{"date":"21-3-2022/9:43","level":"error","message":"Not Found","service":"api404"}
{"date":"21-3-2022/9:48","level":"error","message":"Not Found","service":"api404"}
{"date":"21-3-2022/9:48","level":"error","message":"Not Found","service":"api404"}
{"date":"21-3-2022/9:48","level":"error","message":"Not Found","service":"api404"}
{"date":"21-3-2022/9:48","level":"error","message":"Not Found","service":"api404"}
{"date":"21-3-2022/9:48","level":"error","message":"Not Found","service":"api404"}
{"date":"21-3-2022/9:48","level":"error","message":"Not Found","service":"api404"}
{"date":"21-3-2022/9:48","level":"error","message":"Not Found","service":"api404"}
{"date":"21-3-2022/9:48","level":"error","message":"Not Found","service":"api404"}
{"date":"21-3-2022/9:49","level":"error","message":"Not Found","service":"api404"}
{"date":"21-3-2022/9:49","level":"error","message":"Not Found","service":"api404"}
{"date":"21-3-2022/9:49","level":"error","message":"Not Found","service":"api404"}
{"date":"21-3-2022/9:49","level":"error","message":"Not Found","service":"api404"}
{"date":"21-3-2022/9:53","level":"error","message":"Not Found","service":"api404"}
{"date":"21-3-2022/9:53","level":"error","message":"Not Found","service":"api404"}
{"date":"21-3-2022/9:55","level":"error","message":"Not Found","service":"api404"}
{"date":"21-3-2022/9:55","level":"error","message":"Not Found","service":"api404"}
{"date":"21-3-2022/9:56","level":"error","message":"Not Found","service":"api404"}
{"date":"21-3-2022/9:56","level":"error","message":"Not Found","service":"api404"}
{"date":"21-3-2022/9:58","level":"error","message":"Not Found","service":"api404"}
{"date":"21-3-2022/9:58","level":"error","message":"Not Found","service":"api404"}
{"date":"21-3-2022/9:58","level":"error","message":"Not Found","service":"api404"}
{"date":"21-3-2022/9:58","level":"error","message":"Not Found","service":"api404"}
{"date":"21-3-2022/10:1","level":"error","message":"Not Found","service":"api404"}
{"date":"21-3-2022/10:1","level":"error","message":"Not Found","service":"api404"}
{"date":"21-3-2022/10:2","level":"error","message":"Not Found","service":"api404"}
{"date":"21-3-2022/10:2","level":"error","message":"Not Found","service":"api404"}
{"date":"21-3-2022/10:2","level":"error","message":"Not Found","service":"api404"}
{"date":"21-3-2022/10:7","level":"error","message":"Not Found","service":"api404"}
{"date":"21-3-2022/10:7","level":"error","message":"Not Found","service":"api404"}
{"date":"21-3-2022/10:12","level":"error","message":"Not Found","service":"api404"}
{"date":"21-3-2022/10:12","level":"error","message":"Not Found","service":"api404"}
{"date":"21-3-2022/10:13","level":"error","message":"Not Found","service":"api404"}
{"date":"21-3-2022/10:13","level":"error","message":"Not Found","service":"api404"}
{"date":"21-3-2022/10:14","level":"error","message":"Not Found","service":"api404"}
{"date":"21-3-2022/10:14","level":"error","message":"Not Found","service":"api404"}
{"date":"21-3-2022/10:14","level":"error","message":"Not Found","service":"api404"}
{"date":"21-3-2022/10:14","level":"error","message":"Not Found","service":"api404"}
{"date":"21-3-2022/10:19","level":"error","message":"Not Found","service":"api404"}
{"date":"21-3-2022/10:19","level":"error","message":"Not Found","service":"api404"}
{"date":"21-3-2022/10:19","level":"error","message":"Not Found","service":"api404"}
{"date":"21-3-2022/10:19","level":"error","message":"Not Found","service":"api404"}
{"date":"21-3-2022/10:19","level":"error","message":"Not Found","service":"api404"}
{"date":"21-3-2022/10:19","level":"error","message":"Not Found","service":"api404"}
{"date":"21-3-2022/10:20","level":"error","message":"Not Found","service":"api404"}
{"date":"21-3-2022/10:20","level":"error","message":"Not Found","service":"api404"}
{"date":"21-3-2022/10:20","level":"error","message":"Not Found","service":"api404"}
{"date":"21-3-2022/10:20","level":"error","message":"Not Found","service":"api404"}
{"date":"21-3-2022/10:21","level":"error","message":"Not Found","service":"api404"}
{"date":"21-3-2022/10:21","level":"error","message":"Not Found","service":"api404"}
{"date":"21-3-2022/10:22","level":"error","message":"Not Found","service":"api404"}
{"date":"21-3-2022/10:22","level":"error","message":"Not Found","service":"api404"}
{"date":"21-3-2022/10:22","level":"error","message":"Not Found","service":"api404"}
{"date":"21-3-2022/10:22","level":"error","message":"Not Found","service":"api404"}
{"date":"21-3-2022/10:22","level":"error","message":"Not Found","service":"api404"}
{"date":"21-3-2022/10:22","level":"error","message":"Not Found","service":"api404"}
{"date":"21-3-2022/10:23","level":"error","message":"Not Found","service":"api404"}
{"date":"21-3-2022/10:23","level":"error","message":"Not Found","service":"api404"}
{"date":"21-3-2022/10:23","level":"error","message":"Not Found","service":"api404"}
{"date":"21-3-2022/10:23","level":"error","message":"Not Found","service":"api404"}
{"date":"21-3-2022/10:23","level":"error","message":"Not Found","service":"api404"}
{"date":"21-3-2022/10:23","level":"error","message":"Not Found","service":"api404"}
{"date":"21-3-2022/10:24","level":"error","message":"Not Found","service":"api404"}
{"date":"21-3-2022/10:24","level":"error","message":"Not Found","service":"api404"}
{"date":"21-3-2022/10:24","level":"error","message":"Not Found","service":"api404"}
{"date":"21-3-2022/10:24","level":"error","message":"Not Found","service":"api404"}
{"date":"21-3-2022/10:24","level":"error","message":"Not Found","service":"api404"}
{"date":"21-3-2022/10:24","level":"error","message":"Not Found","service":"api404"}
{"date":"21-3-2022/10:26","level":"error","message":"Not Found","service":"api404"}
{"date":"21-3-2022/10:26","level":"error","message":"Not Found","service":"api404"}
{"date":"21-3-2022/10:30","level":"error","message":"Not Found","service":"api404"}
{"date":"21-3-2022/10:30","level":"error","message":"Not Found","service":"api404"}
{"date":"21-3-2022/10:30","level":"error","message":"Not Found","service":"api404"}
{"date":"21-3-2022/10:30","level":"error","message":"Not Found","service":"api404"}
{"date":"21-3-2022/12:31","level":"error","message":"Not Found","service":"api404"}
{"date":"21-3-2022/12:31","level":"error","message":"Not Found","service":"api404"}
{"date":"21-3-2022/12:32","level":"error","message":"Not Found","service":"api404"}
{"date":"21-3-2022/12:32","level":"error","message":"Not Found","service":"api404"}
{"date":"21-3-2022/12:33","level":"error","message":"Not Found","service":"api404"}
{"date":"21-3-2022/12:33","level":"error","message":"Not Found","service":"api404"}
{"date":"21-3-2022/12:41","level":"error","message":"Not Found","service":"api404"}
{"date":"21-3-2022/12:41","level":"error","message":"Not Found","service":"api404"}
{"date":"21-3-2022/12:51","level":"error","message":"Not Found","service":"api404"}
{"date":"21-3-2022/12:51","level":"error","message":"Not Found","service":"api404"}
{"date":"21-3-2022/12:52","level":"error","message":"Not Found","service":"api404"}
{"date":"21-3-2022/12:52","level":"error","message":"Not Found","service":"api404"}
{"date":"21-3-2022/12:52","level":"error","message":"Not Found","service":"api404"}
{"date":"21-3-2022/12:52","level":"error","message":"Not Found","service":"api404"}
{"date":"21-3-2022/12:53","level":"error","message":"Not Found","service":"api404"}
{"date":"21-3-2022/12:53","level":"error","message":"Not Found","service":"api404"}
{"date":"21-3-2022/12:53","level":"error","message":"Not Found","service":"api404"}
{"date":"21-3-2022/12:54","level":"error","message":"Not Found","service":"api404"}
{"date":"21-3-2022/12:54","level":"error","message":"Not Found","service":"api404"}
{"date":"21-3-2022/12:55","level":"error","message":"Not Found","service":"api404"}
{"date":"21-3-2022/12:55","level":"error","message":"Not Found","service":"api404"}
{"date":"21-3-2022/12:56","level":"error","message":"Not Found","service":"api404"}
{"date":"21-3-2022/12:56","level":"error","message":"Not Found","service":"api404"}
{"date":"21-3-2022/12:57","level":"error","message":"Not Found","service":"api404"}
{"date":"21-3-2022/12:57","level":"error","message":"Not Found","service":"api404"}
{"date":"21-3-2022/12:57","level":"error","message":"Not Found","service":"api404"}
{"date":"21-3-2022/12:57","level":"error","message":"Not Found","service":"api404"}
{"date":"21-3-2022/12:58","level":"error","message":"Not Found","service":"api404"}
{"date":"21-3-2022/12:58","level":"error","message":"Not Found","service":"api404"}
{"date":"21-3-2022/12:58","level":"error","message":"Not Found","service":"api404"}
{"date":"21-3-2022/12:58","level":"error","message":"Not Found","service":"api404"}
{"date":"21-3-2022/13:1","level":"error","message":"Not Found","service":"api404"}
{"date":"21-3-2022/13:1","level":"error","message":"Not Found","service":"api404"}
{"date":"21-3-2022/13:1","level":"error","message":"Not Found","service":"api404"}
{"date":"21-3-2022/13:1","level":"error","message":"Not Found","service":"api404"}
{"date":"21-3-2022/13:9","level":"error","message":"Not Found","service":"api404"}
{"date":"21-3-2022/13:10","level":"error","message":"Not Found","service":"api404"}
{"date":"21-3-2022/13:10","level":"error","message":"Not Found","service":"api404"}
{"date":"21-3-2022/13:11","level":"error","message":"Not Found","service":"api404"}
{"date":"21-3-2022/13:11","level":"error","message":"Not Found","service":"api404"}
{"date":"21-3-2022/13:13","level":"error","message":"Not Found","service":"api404"}
{"date":"21-3-2022/13:13","level":"error","message":"Not Found","service":"api404"}
{"date":"21-3-2022/13:14","level":"error","message":"Not Found","service":"api404"}
{"date":"21-3-2022/13:14","level":"error","message":"Not Found","service":"api404"}
{"date":"21-3-2022/13:25","level":"error","message":"Not Found","service":"api404"}
{"date":"21-3-2022/13:25","level":"error","message":"Not Found","service":"api404"}
{"date":"21-3-2022/13:25","level":"error","message":"Not Found","service":"api404"}
{"date":"21-3-2022/13:25","level":"error","message":"Not Found","service":"api404"}
{"date":"21-3-2022/13:26","level":"error","message":"Not Found","service":"api404"}
{"date":"21-3-2022/13:26","level":"error","message":"Not Found","service":"api404"}
{"date":"21-3-2022/13:26","level":"error","message":"Not Found","service":"api404"}
{"date":"21-3-2022/13:26","level":"error","message":"Not Found","service":"api404"}
{"date":"21-3-2022/13:26","level":"error","message":"Not Found","service":"api404"}
{"date":"21-3-2022/13:26","level":"error","message":"Not Found","service":"api404"}
{"date":"21-3-2022/13:26","level":"error","message":"Not Found","service":"api404"}
{"date":"21-3-2022/13:26","level":"error","message":"Not Found","service":"api404"}
{"date":"21-3-2022/13:26","level":"error","message":"Not Found","service":"api404"}
{"date":"21-3-2022/13:26","level":"error","message":"Not Found","service":"api404"}
{"date":"21-3-2022/13:30","level":"error","message":"Not Found","service":"api404"}
{"date":"21-3-2022/13:30","level":"error","message":"Not Found","service":"api404"}
{"date":"21-3-2022/13:31","level":"error","message":"Not Found","service":"api404"}
{"date":"21-3-2022/13:31","level":"error","message":"Not Found","service":"api404"}
{"date":"21-3-2022/13:32","level":"error","message":"Not Found","service":"api404"}
{"date":"21-3-2022/13:32","level":"error","message":"Not Found","service":"api404"}
{"date":"21-3-2022/13:34","level":"error","message":"Not Found","service":"api404"}
{"date":"21-3-2022/13:34","level":"error","message":"Not Found","service":"api404"}
{"date":"21-3-2022/14:19","level":"error","message":"Not Found","service":"api404"}
{"date":"21-3-2022/14:19","level":"error","message":"Not Found","service":"api404"}
{"date":"21-3-2022/14:19","level":"error","message":"Not Found","service":"api404"}
{"date":"21-3-2022/14:19","level":"error","message":"Not Found","service":"api404"}
{"date":"21-3-2022/14:21","level":"error","message":"Not Found","service":"api404"}
{"date":"21-3-2022/14:21","level":"error","message":"Not Found","service":"api404"}
{"date":"21-3-2022/14:22","level":"error","message":"Not Found","service":"api404"}
{"date":"21-3-2022/14:22","level":"error","message":"Not Found","service":"api404"}
{"date":"21-3-2022/14:22","level":"error","message":"Not Found","service":"api404"}
{"date":"21-3-2022/14:22","level":"error","message":"Not Found","service":"api404"}
{"date":"21-3-2022/14:23","level":"error","message":"Not Found","service":"api404"}
{"date":"21-3-2022/14:23","level":"error","message":"Not Found","service":"api404"}
{"date":"21-3-2022/14:24","level":"error","message":"Not Found","service":"api404"}
{"date":"21-3-2022/14:24","level":"error","message":"Not Found","service":"api404"}
{"date":"21-3-2022/14:34","level":"error","message":"Not Found","service":"api404"}
{"date":"21-3-2022/14:34","level":"error","message":"Not Found","service":"api404"}
{"date":"21-3-2022/14:37","level":"error","message":"Not Found","service":"api404"}
{"date":"21-3-2022/14:37","level":"error","message":"Not Found","service":"api404"}
{"date":"21-3-2022/14:39","level":"error","message":"Not Found","service":"api404"}
{"date":"21-3-2022/14:39","level":"error","message":"Not Found","service":"api404"}
{"date":"21-3-2022/14:50","level":"error","message":"Not Found","service":"api404"}
{"date":"21-3-2022/14:50","level":"error","message":"Not Found","service":"api404"}
{"date":"21-3-2022/14:50","level":"error","message":"Not Found","service":"api404"}
{"date":"21-3-2022/14:50","level":"error","message":"Not Found","service":"api404"}
{"date":"21-3-2022/14:58","level":"error","message":"Not Found","service":"api404"}
{"date":"21-3-2022/15:2","level":"error","message":"Not Found","service":"api404"}
{"date":"21-3-2022/15:2","level":"error","message":"Not Found","service":"api404"}
{"date":"21-3-2022/15:3","level":"error","message":"Not Found","service":"api404"}
{"date":"21-3-2022/15:3","level":"error","message":"Not Found","service":"api404"}
{"date":"21-3-2022/15:3","level":"error","message":"Not Found","service":"api404"}
{"date":"21-3-2022/15:3","level":"error","message":"Not Found","service":"api404"}
{"date":"21-3-2022/15:8","level":"error","message":"Not Found","service":"api404"}
{"date":"21-3-2022/15:8","level":"error","message":"Not Found","service":"api404"}
{"date":"21-3-2022/15:15","level":"error","message":"Not Found","service":"api404"}
{"date":"21-3-2022/15:15","level":"error","message":"Not Found","service":"api404"}
{"date":"22-3-2022/2:55","level":"error","message":"Not Found","service":"api404"}
{"date":"22-3-2022/2:55","level":"error","message":"Not Found","service":"api404"}
{"date":"22-3-2022/3:2","level":"error","message":"Not Found","service":"api404"}
{"date":"22-3-2022/3:2","level":"error","message":"Not Found","service":"api404"}
{"date":"22-3-2022/3:5","level":"error","message":"Not Found","service":"api404"}
{"date":"22-3-2022/3:5","level":"error","message":"Not Found","service":"api404"}
{"date":"22-3-2022/3:5","level":"error","message":"Not Found","service":"api404"}
{"date":"22-3-2022/3:5","level":"error","message":"Not Found","service":"api404"}
{"date":"22-3-2022/3:5","level":"error","message":"Not Found","service":"api404"}
{"date":"22-3-2022/3:6","level":"error","message":"Not Found","service":"api404"}
{"date":"22-3-2022/3:6","level":"error","message":"Not Found","service":"api404"}
{"date":"22-3-2022/3:6","level":"error","message":"Not Found","service":"api404"}
{"date":"22-3-2022/3:6","level":"error","message":"Not Found","service":"api404"}
{"date":"22-3-2022/3:8","level":"error","message":"Not Found","service":"api404"}
{"date":"22-3-2022/3:8","level":"error","message":"Not Found","service":"api404"}
{"date":"22-3-2022/3:17","level":"error","message":"Not Found","service":"api404"}
{"date":"22-3-2022/3:17","level":"error","message":"Not Found","service":"api404"}
{"date":"22-3-2022/3:18","level":"error","message":"Not Found","service":"api404"}
{"date":"22-3-2022/3:18","level":"error","message":"Not Found","service":"api404"}
{"date":"22-3-2022/3:28","level":"error","message":"Not Found","service":"api404"}
{"date":"22-3-2022/3:28","level":"error","message":"Not Found","service":"api404"}
{"date":"22-3-2022/3:28","level":"error","message":"Not Found","service":"api404"}
{"date":"22-3-2022/3:28","level":"error","message":"Not Found","service":"api404"}
{"date":"22-3-2022/3:28","level":"error","message":"Diller yalnis qeyd olunub","service":"FilmController/add"}
{"date":"22-3-2022/3:39","level":"error","message":"Not Found","service":"api404"}
{"date":"22-3-2022/3:39","level":"error","message":"Not Found","service":"api404"}
{"date":"22-3-2022/3:41","level":"error","message":"[object Object]","service":"FilmController/add"}
{"date":"22-3-2022/3:54","level":"error","message":"Not Found","service":"api404"}
{"date":"22-3-2022/3:54","level":"error","message":"Not Found","service":"api404"}
{"date":"22-3-2022/3:58","level":"error","message":"Not Found","service":"api404"}
{"date":"22-3-2022/3:58","level":"error","message":"Not Found","service":"api404"}
{"date":"22-3-2022/3:58","level":"error","message":"[object Object]","service":"FilmController/add"}
{"date":"22-3-2022/4:4","level":"error","message":"[object Object]","service":"FilmController/add"}
{"date":"22-3-2022/4:6","level":"error","message":"Not Found","service":"api404"}
{"date":"22-3-2022/4:6","level":"error","message":"Not Found","service":"api404"}
{"date":"22-3-2022/4:6","level":"error","message":"Not Found","service":"api404"}
{"date":"22-3-2022/4:6","level":"error","message":"Not Found","service":"api404"}
{"date":"22-3-2022/4:6","level":"error","message":"[object Object]","service":"FilmController/add"}
{"date":"22-3-2022/4:6","level":"error","message":"Not Found","service":"api404"}
{"date":"22-3-2022/4:6","level":"error","message":"Not Found","service":"api404"}
{"date":"22-3-2022/4:6","level":"error","message":"[object Object]","service":"FilmController/add"}
{"date":"22-3-2022/4:16","level":"error","message":"[object Object]","service":"FilmController/add"}
{"date":"22-3-2022/4:17","level":"error","message":"[object Object]","service":"FilmController/add"}
{"date":"23-3-2022/2:11","level":"error","message":"Not Found","service":"api404"}
{"date":"23-3-2022/2:11","level":"error","message":"Not Found","service":"api404"}
{"date":"23-3-2022/2:36","level":"error","message":"Not Found","service":"api404"}
{"date":"23-3-2022/2:36","level":"error","message":"Not Found","service":"api404"}
{"date":"23-3-2022/2:36","level":"error","message":"Not Found","service":"api404"}
{"date":"23-3-2022/2:36","level":"error","message":"Not Found","service":"api404"}
{"date":"23-3-2022/2:36","level":"error","message":"Not Found","service":"api404"}
{"date":"23-3-2022/2:36","level":"error","message":"Not Found","service":"api404"}
{"date":"23-3-2022/2:36","level":"error","message":"Not Found","service":"api404"}
{"date":"23-3-2022/2:36","level":"error","message":"Not Found","service":"api404"}
{"date":"23-3-2022/2:36","level":"error","message":"Not Found","service":"api404"}
{"date":"23-3-2022/2:36","level":"error","message":"Not Found","service":"api404"}
{"date":"23-3-2022/2:36","level":"error","message":"Not Found","service":"api404"}
{"date":"23-3-2022/2:36","level":"error","message":"Not Found","service":"api404"}
{"date":"23-3-2022/2:36","level":"error","message":"Not Found","service":"api404"}
{"date":"23-3-2022/2:36","level":"error","message":"Not Found","service":"api404"}
{"date":"23-3-2022/7:18","level":"error","message":"Not Found","service":"api404"}
{"date":"23-3-2022/7:18","level":"error","message":"Not Found","service":"api404"}
{"date":"23-3-2022/7:18","level":"error","message":"Not Found","service":"api404"}
{"date":"23-3-2022/7:18","level":"error","message":"Not Found","service":"api404"}
{"date":"23-3-2022/7:18","level":"error","message":"Not Found","service":"api404"}
{"date":"23-3-2022/7:18","level":"error","message":"Not Found","service":"api404"}
{"date":"23-3-2022/7:18","level":"error","message":"Not Found","service":"api404"}
{"date":"23-3-2022/7:18","level":"error","message":"Not Found","service":"api404"}
{"date":"23-3-2022/9:52","level":"error","message":"Not Found","service":"api404"}
{"date":"23-3-2022/9:52","level":"error","message":"Not Found","service":"api404"}
