[debug] [2022-04-12T09:22:30.828Z] ----------------------------------------------------------------------
[debug] [2022-04-12T09:22:30.829Z] Command:       C:\Program Files\nodejs\node.exe C:\Users\Elxan Quliyev\AppData\Roaming\npm\node_modules\firebase-tools\lib\bin\firebase.js init
[debug] [2022-04-12T09:22:30.830Z] CLI Version:   10.6.0
[debug] [2022-04-12T09:22:30.830Z] Platform:      win32
[debug] [2022-04-12T09:22:30.830Z] Node Version:  v16.14.2
[debug] [2022-04-12T09:22:30.831Z] Time:          Tue Apr 12 2022 02:22:30 GMT-0700 (Pacific Daylight Time)
[debug] [2022-04-12T09:22:30.831Z] ----------------------------------------------------------------------
[debug] 
[debug] [2022-04-12T09:22:30.903Z] > command requires scopes: ["email","openid","https://www.googleapis.com/auth/cloudplatformprojects.readonly","https://www.googleapis.com/auth/firebase","https://www.googleapis.com/auth/cloud-platform"]
[debug] [2022-04-12T09:22:30.904Z] > authorizing via signed-in user (metaflix1234@gmail.com)
[info] 
     ######## #### ########  ######## ########     ###     ######  ########
     ##        ##  ##     ## ##       ##     ##  ##   ##  ##       ##
     ######    ##  ########  ######   ########  #########  ######  ######
     ##        ##  ##    ##  ##       ##     ## ##     ##       ## ##
     ##       #### ##     ## ######## ########  ##     ##  ######  ########

You're about to initialize a Firebase project in this directory:

  C:\Users\Elxan Quliyev\Desktop\{{Elxan}}\Metaflix\dashboard

Before we get started, keep in mind:

  * You are initializing within an existing Firebase project directory

