[debug] [2022-04-13T11:28:34.374Z] ----------------------------------------------------------------------
[debug] [2022-04-13T11:28:34.376Z] Command:       C:\Program Files\nodejs\node.exe C:\Users\Elxan Quliyev\AppData\Roaming\npm\node_modules\firebase-tools\lib\bin\firebase.js serve
[debug] [2022-04-13T11:28:34.377Z] CLI Version:   10.6.0
[debug] [2022-04-13T11:28:34.377Z] Platform:      win32
[debug] [2022-04-13T11:28:34.377Z] Node Version:  v16.14.2
[debug] [2022-04-13T11:28:34.378Z] Time:          Wed Apr 13 2022 04:28:34 GMT-0700 (Pacific Daylight Time)
[debug] [2022-04-13T11:28:34.378Z] ----------------------------------------------------------------------
[debug] 
[debug] [2022-04-13T11:28:34.482Z] > command requires scopes: ["email","openid","https://www.googleapis.com/auth/cloudplatformprojects.readonly","https://www.googleapis.com/auth/firebase","https://www.googleapis.com/auth/cloud-platform"]
[debug] [2022-04-13T11:28:34.483Z] > authorizing via signed-in user (elxanquliyev500@gmail.com)
[debug] [2022-04-13T11:28:34.483Z] [iam] checking project movieapp-b0211 for permissions ["firebase.projects.get"]
[debug] [2022-04-13T11:28:34.489Z] >>> [apiv2][query] POST https://cloudresourcemanager.googleapis.com/v1/projects/movieapp-b0211:testIamPermissions [none]
[debug] [2022-04-13T11:28:34.490Z] >>> [apiv2][body] POST https://cloudresourcemanager.googleapis.com/v1/projects/movieapp-b0211:testIamPermissions {"permissions":["firebase.projects.get"]}
[debug] [2022-04-13T11:28:36.244Z] <<< [apiv2][status] POST https://cloudresourcemanager.googleapis.com/v1/projects/movieapp-b0211:testIamPermissions 200
[debug] [2022-04-13T11:28:36.244Z] <<< [apiv2][body] POST https://cloudresourcemanager.googleapis.com/v1/projects/movieapp-b0211:testIamPermissions {"permissions":["firebase.projects.get"]}
[debug] [2022-04-13T11:28:36.247Z] >>> [apiv2][query] GET https://firebase.googleapis.com/v1beta1/projects/movieapp-b0211 [none]
[debug] [2022-04-13T11:28:37.198Z] <<< [apiv2][status] GET https://firebase.googleapis.com/v1beta1/projects/movieapp-b0211 200
[debug] [2022-04-13T11:28:37.199Z] <<< [apiv2][body] GET https://firebase.googleapis.com/v1beta1/projects/movieapp-b0211 {"projectId":"movieapp-b0211","projectNumber":"272325246244","displayName":"MovieApp","name":"projects/movieapp-b0211","resources":{"hostingSite":"movieapp-b0211"},"state":"ACTIVE"}
[info] 
[info] === Serving from 'C:\Users\Elxan Quliyev\Desktop\{{Elxan}}\Metaflix\server'...
[info] 
[info] +  functions: Using node@16 from host. {"metadata":{"emulator":{"name":"functions"},"message":"Using node@16 from host."}}
[debug] [2022-04-13T11:28:37.242Z] defaultcredentials: writing to file C:\Users\Elxan Quliyev\AppData\Roaming\firebase\elxanquliyev500_gmail_com_application_default_credentials.json
[debug] [2022-04-13T11:28:37.247Z] Setting GAC to C:\Users\Elxan Quliyev\AppData\Roaming\firebase\elxanquliyev500_gmail_com_application_default_credentials.json {"metadata":{"emulator":{"name":"functions"},"message":"Setting GAC to C:\\Users\\Elxan Quliyev\\AppData\\Roaming\\firebase\\elxanquliyev500_gmail_com_application_default_credentials.json"}}
[debug] [2022-04-13T11:28:37.249Z] >>> [apiv2][query] GET https://firebase.googleapis.com/v1beta1/projects/movieapp-b0211/adminSdkConfig [none]
[debug] [2022-04-13T11:28:38.026Z] <<< [apiv2][status] GET https://firebase.googleapis.com/v1beta1/projects/movieapp-b0211/adminSdkConfig 200
[debug] [2022-04-13T11:28:38.027Z] <<< [apiv2][body] GET https://firebase.googleapis.com/v1beta1/projects/movieapp-b0211/adminSdkConfig {"projectId":"movieapp-b0211","storageBucket":"movieapp-b0211.appspot.com"}
[info] i  functions: Watching "C:\Users\Elxan Quliyev\Desktop\{{Elxan}}\Metaflix\server\functions" for Cloud Functions... {"metadata":{"emulator":{"name":"functions"},"message":"Watching \"C:\\Users\\Elxan Quliyev\\Desktop\\{{Elxan}}\\Metaflix\\server\\functions\" for Cloud Functions..."}}
[debug] [2022-04-13T11:28:38.116Z] Validating nodejs source
[debug] [2022-04-13T11:28:44.156Z] > [functions] package.json contents: {
  "name": "functions",
  "description": "Cloud Functions for Firebase",
  "scripts": {
    "serve": "firebase emulators:start --only functions",
    "shell": "firebase functions:shell",
    "start": "npm run shell",
    "deploy": "firebase deploy --only functions",
    "logs": "firebase functions:log"
  },
  "engines": {
    "node": "16"
  },
  "main": "index.js",
  "dependencies": {
    "body-parser": "^1.20.0",
    "firebase-admin": "^10.0.2",
    "firebase-functions": "^3.18.0"
  },
  "devDependencies": {
    "firebase-functions-test": "^0.2.0"
  },
  "private": true
}
[debug] [2022-04-13T11:28:44.157Z] Building nodejs source
[debug] [2022-04-13T11:28:44.157Z] Analyzing nodejs backend spec
[info] +  functions[us-central1-webApi]: http function initialized (http://localhost:5000/movieapp-b0211/us-central1/webApi). {"metadata":{"emulator":{"name":"functions"},"message":"\u001b[1mhttp\u001b[22m function initialized (http://localhost:5000/movieapp-b0211/us-central1/webApi)."}}
[debug] [2022-04-13T11:29:15.119Z] [work-queue] {"queueLength":1,"workRunningCount":0}
[debug] [2022-04-13T11:29:15.120Z] [work-queue] {"queueLength":0,"workRunningCount":1}
[debug] [2022-04-13T11:29:15.121Z] Accepted request GET /movieapp-b0211/us-central1/webApi/actors/getall --> us-central1-webApi
[debug] [2022-04-13T11:29:15.143Z] [worker-pool] addWorker(us-central1-webApi) {"metadata":{"emulator":{"name":"functions"},"message":"[worker-pool] addWorker(us-central1-webApi)"}}
[debug] [2022-04-13T11:29:15.145Z] [worker-pool] Adding worker with key us-central1-webApi, total=1 {"metadata":{"emulator":{"name":"functions"},"message":"[worker-pool] Adding worker with key us-central1-webApi, total=1"}}
[debug] [2022-04-13T11:29:15.146Z] [worker-pool] submitWork(triggerId=us-central1-webApi) {"metadata":{"emulator":{"name":"functions"},"message":"[worker-pool] submitWork(triggerId=us-central1-webApi)"}}
[debug] [2022-04-13T11:29:15.147Z] [worker-us-central1-webApi-714332a7-42dd-4d54-a30a-cff51d84087f]: Assigning socketPath: \\?\pipe\C:\Users\Elxan Quliyev\Desktop\{{Elxan}}\Metaflix\server\functions\7452 {"metadata":{"emulator":{"name":"functions"},"message":"[worker-us-central1-webApi-714332a7-42dd-4d54-a30a-cff51d84087f]: Assigning socketPath: \\\\?\\pipe\\C:\\Users\\Elxan Quliyev\\Desktop\\{{Elxan}}\\Metaflix\\server\\functions\\7452"}}
[debug] [2022-04-13T11:29:15.149Z] [worker-us-central1-webApi-714332a7-42dd-4d54-a30a-cff51d84087f]: BUSY {"metadata":{"emulator":{"name":"functions"},"message":"[worker-us-central1-webApi-714332a7-42dd-4d54-a30a-cff51d84087f]: BUSY"}}
[debug] [2022-04-13T11:29:17.786Z] [runtime-status] [7452] Functions runtime initialized. {"cwd":"C:\\Users\\Elxan Quliyev\\Desktop\\{{Elxan}}\\Metaflix\\server\\functions","node_version":"16.14.2"} {"metadata":{"emulator":{"name":"functions"},"function":{"name":"us-central1-webApi"},"extension":{},"message":"[runtime-status] [7452] Functions runtime initialized. {\"cwd\":\"C:\\\\Users\\\\Elxan Quliyev\\\\Desktop\\\\{{Elxan}}\\\\Metaflix\\\\server\\\\functions\",\"node_version\":\"16.14.2\"}"}}
[debug] [2022-04-13T11:29:17.789Z] [runtime-status] [7452] Disabled runtime features: undefined {"metadata":{"emulator":{"name":"functions"},"function":{"name":"us-central1-webApi"},"extension":{},"message":"[runtime-status] [7452] Disabled runtime features: undefined"}}
[debug] [2022-04-13T11:29:17.797Z] [runtime-status] [7452] Resolved module firebase-admin {"declared":true,"installed":true,"version":"10.0.2","resolution":"C:\\Users\\Elxan Quliyev\\Desktop\\{{Elxan}}\\Metaflix\\server\\functions\\node_modules\\firebase-admin\\lib\\index.js"} {"metadata":{"emulator":{"name":"functions"},"function":{"name":"us-central1-webApi"},"extension":{},"message":"[runtime-status] [7452] Resolved module firebase-admin {\"declared\":true,\"installed\":true,\"version\":\"10.0.2\",\"resolution\":\"C:\\\\Users\\\\Elxan Quliyev\\\\Desktop\\\\{{Elxan}}\\\\Metaflix\\\\server\\\\functions\\\\node_modules\\\\firebase-admin\\\\lib\\\\index.js\"}"}}
[debug] [2022-04-13T11:29:17.803Z] [runtime-status] [7452] Resolved module firebase-functions {"declared":true,"installed":true,"version":"3.20.0","resolution":"C:\\Users\\Elxan Quliyev\\Desktop\\{{Elxan}}\\Metaflix\\server\\functions\\node_modules\\firebase-functions\\lib\\index.js"} {"metadata":{"emulator":{"name":"functions"},"function":{"name":"us-central1-webApi"},"extension":{},"message":"[runtime-status] [7452] Resolved module firebase-functions {\"declared\":true,\"installed\":true,\"version\":\"3.20.0\",\"resolution\":\"C:\\\\Users\\\\Elxan Quliyev\\\\Desktop\\\\{{Elxan}}\\\\Metaflix\\\\server\\\\functions\\\\node_modules\\\\firebase-functions\\\\lib\\\\index.js\"}"}}
[debug] [2022-04-13T11:29:17.805Z] [runtime-status] [7452] Outgoing network have been stubbed. [{"name":"http","status":"mocked"},{"name":"http","status":"mocked"},{"name":"https","status":"mocked"},{"name":"https","status":"mocked"},{"name":"net","status":"mocked"}] {"metadata":{"emulator":{"name":"functions"},"function":{"name":"us-central1-webApi"},"extension":{},"message":"[runtime-status] [7452] Outgoing network have been stubbed. [{\"name\":\"http\",\"status\":\"mocked\"},{\"name\":\"http\",\"status\":\"mocked\"},{\"name\":\"https\",\"status\":\"mocked\"},{\"name\":\"https\",\"status\":\"mocked\"},{\"name\":\"net\",\"status\":\"mocked\"}]"}}
[debug] [2022-04-13T11:29:17.808Z] [runtime-status] [7452] Resolved module firebase-functions {"declared":true,"installed":true,"version":"3.20.0","resolution":"C:\\Users\\Elxan Quliyev\\Desktop\\{{Elxan}}\\Metaflix\\server\\functions\\node_modules\\firebase-functions\\lib\\index.js"} {"metadata":{"emulator":{"name":"functions"},"function":{"name":"us-central1-webApi"},"extension":{},"message":"[runtime-status] [7452] Resolved module firebase-functions {\"declared\":true,\"installed\":true,\"version\":\"3.20.0\",\"resolution\":\"C:\\\\Users\\\\Elxan Quliyev\\\\Desktop\\\\{{Elxan}}\\\\Metaflix\\\\server\\\\functions\\\\node_modules\\\\firebase-functions\\\\lib\\\\index.js\"}"}}
[debug] [2022-04-13T11:29:17.960Z] [runtime-status] [7452] Checked functions.config() {"config":{}} {"metadata":{"emulator":{"name":"functions"},"function":{"name":"us-central1-webApi"},"extension":{},"message":"[runtime-status] [7452] Checked functions.config() {\"config\":{}}"}}
[debug] [2022-04-13T11:29:17.961Z] [runtime-status] [7452] firebase-functions has been stubbed. {"functionsResolution":{"declared":true,"installed":true,"version":"3.20.0","resolution":"C:\\Users\\Elxan Quliyev\\Desktop\\{{Elxan}}\\Metaflix\\server\\functions\\node_modules\\firebase-functions\\lib\\index.js"}} {"metadata":{"emulator":{"name":"functions"},"function":{"name":"us-central1-webApi"},"extension":{},"message":"[runtime-status] [7452] firebase-functions has been stubbed. {\"functionsResolution\":{\"declared\":true,\"installed\":true,\"version\":\"3.20.0\",\"resolution\":\"C:\\\\Users\\\\Elxan Quliyev\\\\Desktop\\\\{{Elxan}}\\\\Metaflix\\\\server\\\\functions\\\\node_modules\\\\firebase-functions\\\\lib\\\\index.js\"}}"}}
[debug] [2022-04-13T11:29:17.963Z] [runtime-status] [7452] Resolved module firebase-functions {"declared":true,"installed":true,"version":"3.20.0","resolution":"C:\\Users\\Elxan Quliyev\\Desktop\\{{Elxan}}\\Metaflix\\server\\functions\\node_modules\\firebase-functions\\lib\\index.js"} {"metadata":{"emulator":{"name":"functions"},"function":{"name":"us-central1-webApi"},"extension":{},"message":"[runtime-status] [7452] Resolved module firebase-functions {\"declared\":true,\"installed\":true,\"version\":\"3.20.0\",\"resolution\":\"C:\\\\Users\\\\Elxan Quliyev\\\\Desktop\\\\{{Elxan}}\\\\Metaflix\\\\server\\\\functions\\\\node_modules\\\\firebase-functions\\\\lib\\\\index.js\"}"}}
[debug] [2022-04-13T11:29:17.966Z] [runtime-status] [7452] Resolved module firebase-admin {"declared":true,"installed":true,"version":"10.0.2","resolution":"C:\\Users\\Elxan Quliyev\\Desktop\\{{Elxan}}\\Metaflix\\server\\functions\\node_modules\\firebase-admin\\lib\\index.js"} {"metadata":{"emulator":{"name":"functions"},"function":{"name":"us-central1-webApi"},"extension":{},"message":"[runtime-status] [7452] Resolved module firebase-admin {\"declared\":true,\"installed\":true,\"version\":\"10.0.2\",\"resolution\":\"C:\\\\Users\\\\Elxan Quliyev\\\\Desktop\\\\{{Elxan}}\\\\Metaflix\\\\server\\\\functions\\\\node_modules\\\\firebase-admin\\\\lib\\\\index.js\"}"}}
[debug] [2022-04-13T11:29:17.967Z] [runtime-status] [7452] Resolved module firebase-functions {"declared":true,"installed":true,"version":"3.20.0","resolution":"C:\\Users\\Elxan Quliyev\\Desktop\\{{Elxan}}\\Metaflix\\server\\functions\\node_modules\\firebase-functions\\lib\\index.js"} {"metadata":{"emulator":{"name":"functions"},"function":{"name":"us-central1-webApi"},"extension":{},"message":"[runtime-status] [7452] Resolved module firebase-functions {\"declared\":true,\"installed\":true,\"version\":\"3.20.0\",\"resolution\":\"C:\\\\Users\\\\Elxan Quliyev\\\\Desktop\\\\{{Elxan}}\\\\Metaflix\\\\server\\\\functions\\\\node_modules\\\\firebase-functions\\\\lib\\\\index.js\"}"}}
[debug] [2022-04-13T11:29:17.968Z] [runtime-status] [7452] firebase-admin has been stubbed. {"adminResolution":{"declared":true,"installed":true,"version":"10.0.2","resolution":"C:\\Users\\Elxan Quliyev\\Desktop\\{{Elxan}}\\Metaflix\\server\\functions\\node_modules\\firebase-admin\\lib\\index.js"}} {"metadata":{"emulator":{"name":"functions"},"function":{"name":"us-central1-webApi"},"extension":{},"message":"[runtime-status] [7452] firebase-admin has been stubbed. {\"adminResolution\":{\"declared\":true,\"installed\":true,\"version\":\"10.0.2\",\"resolution\":\"C:\\\\Users\\\\Elxan Quliyev\\\\Desktop\\\\{{Elxan}}\\\\Metaflix\\\\server\\\\functions\\\\node_modules\\\\firebase-admin\\\\lib\\\\index.js\"}}"}}
[debug] [2022-04-13T11:29:18.565Z] [runtime-status] [7452] Beginning invocation function webApi! {"metadata":{"emulator":{"name":"functions"},"function":{"name":"us-central1-webApi"},"extension":{},"message":"[runtime-status] [7452] Beginning invocation function webApi!"}}
[info] i  functions: Beginning execution of "webApi" {"metadata":{"emulator":{"name":"functions"},"function":{"name":"us-central1-webApi"},"extension":{},"message":"Beginning execution of \"webApi\""}}
[debug] [2022-04-13T11:29:18.566Z] [runtime-status] [7452] Running webApi in signature http {"metadata":{"emulator":{"name":"functions"},"function":{"name":"us-central1-webApi"},"extension":{},"message":"[runtime-status] [7452] Running webApi in signature http"}}
[debug] [2022-04-13T11:29:18.571Z] [runtime-status] [7452] Attempting to listen to socketPath: \\?\pipe\C:\Users\Elxan Quliyev\Desktop\{{Elxan}}\Metaflix\server\functions\7452 {"metadata":{"emulator":{"name":"functions"},"function":{"name":"us-central1-webApi"},"extension":{},"message":"[runtime-status] [7452] Attempting to listen to socketPath: \\\\?\\pipe\\C:\\Users\\Elxan Quliyev\\Desktop\\{{Elxan}}\\Metaflix\\server\\functions\\7452"}}
[debug] [2022-04-13T11:29:18.590Z] [functions] Runtime ready! Sending request! {"metadata":{"emulator":{"name":"functions"},"message":"[functions] Runtime ready! Sending request!"}}
[debug] [2022-04-13T11:29:18.591Z] [functions] Got req.url=/movieapp-b0211/us-central1/webApi/actors/getall, mapping to path=/actors/getall {"metadata":{"emulator":{"name":"functions"},"message":"[functions] Got req.url=/movieapp-b0211/us-central1/webApi/actors/getall, mapping to path=/actors/getall"}}
[debug] [2022-04-13T11:29:18.599Z] [runtime-status] [7452] Ephemeral server handling GET request {"metadata":{"emulator":{"name":"functions"},"function":{"name":"us-central1-webApi"},"extension":{},"message":"[runtime-status] [7452] Ephemeral server handling GET request"}}
[debug] [2022-04-13T11:29:18.605Z] [runtime-status] [7452] Ephemeral server survived. {"metadata":{"emulator":{"name":"functions"},"function":{"name":"us-central1-webApi"},"extension":{},"message":"[runtime-status] [7452] Ephemeral server survived."}}
[info] >  [2022-04-13T11:29:19.605Z]  @firebase/firestore: Firestore (9.6.7): Connection GRPC stream error. Code: 3 Message: 3 INVALID_ARGUMENT: Invalid resource field value in the request. {"user":"[2022-04-13T11:29:19.605Z]  @firebase/firestore: Firestore (9.6.7): Connection GRPC stream error. Code: 3 Message: 3 INVALID_ARGUMENT: Invalid resource field value in the request.","metadata":{"emulator":{"name":"functions"},"function":{"name":"us-central1-webApi"},"extension":{},"message":"\u001b[90m> \u001b[39m [2022-04-13T11:29:19.605Z]  @firebase/firestore: Firestore (9.6.7): Connection GRPC stream error. Code: 3 Message: 3 INVALID_ARGUMENT: Invalid resource field value in the request."}}
[info] >  [2022-04-13T11:29:19.612Z]  @firebase/firestore: Firestore (9.6.7): Could not reach Cloud Firestore backend. Connection failed 1 times. Most recent error: FirebaseError: [code=invalid-argument]: 3 INVALID_ARGUMENT: Invalid resource field value in the request. {"user":"[2022-04-13T11:29:19.612Z]  @firebase/firestore: Firestore (9.6.7): Could not reach Cloud Firestore backend. Connection failed 1 times. Most recent error: FirebaseError: [code=invalid-argument]: 3 INVALID_ARGUMENT: Invalid resource field value in the request.","metadata":{"emulator":{"name":"functions"},"function":{"name":"us-central1-webApi"},"extension":{},"message":"\u001b[90m> \u001b[39m [2022-04-13T11:29:19.612Z]  @firebase/firestore: Firestore (9.6.7): Could not reach Cloud Firestore backend. Connection failed 1 times. Most recent error: FirebaseError: [code=invalid-argument]: 3 INVALID_ARGUMENT: Invalid resource field value in the request."}}
[info] >  This typically indicates that your device does not have a healthy Internet connection at the moment. The client will operate in offline mode until it is able to successfully connect to the backend. {"user":"This typically indicates that your device does not have a healthy Internet connection at the moment. The client will operate in offline mode until it is able to successfully connect to the backend.","metadata":{"emulator":{"name":"functions"},"function":{"name":"us-central1-webApi"},"extension":{},"message":"\u001b[90m> \u001b[39m This typically indicates that your device does not have a healthy Internet connection at the moment. The client will operate in offline mode until it is able to successfully connect to the backend."}}
[info] i  functions: Finished "webApi" in ~1s {"metadata":{"emulator":{"name":"functions"},"function":{"name":"us-central1-webApi"},"extension":{},"message":"Finished \"webApi\" in ~1s"}}
[debug] [2022-04-13T11:29:19.643Z] [worker-us-central1-webApi-714332a7-42dd-4d54-a30a-cff51d84087f]: IDLE {"metadata":{"emulator":{"name":"functions"},"message":"[worker-us-central1-webApi-714332a7-42dd-4d54-a30a-cff51d84087f]: IDLE"}}
[debug] [2022-04-13T11:29:19.644Z] [work-queue] {"queueLength":0,"workRunningCount":0}
[debug] [2022-04-13T11:36:37.486Z] [work-queue] {"queueLength":1,"workRunningCount":0}
[debug] [2022-04-13T11:36:37.487Z] [work-queue] {"queueLength":0,"workRunningCount":1}
[debug] [2022-04-13T11:36:37.487Z] Accepted request GET /movieapp-b0211/us-central1/webApi/actors/getal --> us-central1-webApi
[debug] [2022-04-13T11:36:37.488Z] [worker-pool] submitWork(triggerId=us-central1-webApi) {"metadata":{"emulator":{"name":"functions"},"message":"[worker-pool] submitWork(triggerId=us-central1-webApi)"}}
[debug] [2022-04-13T11:36:37.488Z] [worker-us-central1-webApi-714332a7-42dd-4d54-a30a-cff51d84087f]: Assigning socketPath: \\?\pipe\C:\Users\Elxan Quliyev\Desktop\{{Elxan}}\Metaflix\server\functions\7452 {"metadata":{"emulator":{"name":"functions"},"message":"[worker-us-central1-webApi-714332a7-42dd-4d54-a30a-cff51d84087f]: Assigning socketPath: \\\\?\\pipe\\C:\\Users\\Elxan Quliyev\\Desktop\\{{Elxan}}\\Metaflix\\server\\functions\\7452"}}
[debug] [2022-04-13T11:36:37.489Z] [worker-us-central1-webApi-714332a7-42dd-4d54-a30a-cff51d84087f]: BUSY {"metadata":{"emulator":{"name":"functions"},"message":"[worker-us-central1-webApi-714332a7-42dd-4d54-a30a-cff51d84087f]: BUSY"}}
[debug] [2022-04-13T11:36:37.491Z] [runtime-status] [7452] Beginning invocation function webApi! {"metadata":{"emulator":{"name":"functions"},"function":{"name":"us-central1-webApi"},"extension":{},"message":"[runtime-status] [7452] Beginning invocation function webApi!"}}
[info] i  functions: Beginning execution of "webApi" {"metadata":{"emulator":{"name":"functions"},"function":{"name":"us-central1-webApi"},"extension":{},"message":"Beginning execution of \"webApi\""}}
[debug] [2022-04-13T11:36:37.496Z] [runtime-status] [7452] Running webApi in signature http {"metadata":{"emulator":{"name":"functions"},"function":{"name":"us-central1-webApi"},"extension":{},"message":"[runtime-status] [7452] Running webApi in signature http"}}
[debug] [2022-04-13T11:36:37.500Z] [runtime-status] [7452] Attempting to listen to socketPath: \\?\pipe\C:\Users\Elxan Quliyev\Desktop\{{Elxan}}\Metaflix\server\functions\7452 {"metadata":{"emulator":{"name":"functions"},"function":{"name":"us-central1-webApi"},"extension":{},"message":"[runtime-status] [7452] Attempting to listen to socketPath: \\\\?\\pipe\\C:\\Users\\Elxan Quliyev\\Desktop\\{{Elxan}}\\Metaflix\\server\\functions\\7452"}}
[debug] [2022-04-13T11:36:37.508Z] [functions] Runtime ready! Sending request! {"metadata":{"emulator":{"name":"functions"},"message":"[functions] Runtime ready! Sending request!"}}
[debug] [2022-04-13T11:36:37.509Z] [functions] Got req.url=/movieapp-b0211/us-central1/webApi/actors/getal, mapping to path=/actors/getal {"metadata":{"emulator":{"name":"functions"},"message":"[functions] Got req.url=/movieapp-b0211/us-central1/webApi/actors/getal, mapping to path=/actors/getal"}}
[debug] [2022-04-13T11:36:37.520Z] [runtime-status] [7452] Ephemeral server handling GET request {"metadata":{"emulator":{"name":"functions"},"function":{"name":"us-central1-webApi"},"extension":{},"message":"[runtime-status] [7452] Ephemeral server handling GET request"}}
[debug] [2022-04-13T11:36:37.536Z] [runtime-status] [7452] Ephemeral server survived. {"metadata":{"emulator":{"name":"functions"},"function":{"name":"us-central1-webApi"},"extension":{},"message":"[runtime-status] [7452] Ephemeral server survived."}}
[info] i  functions: Finished "webApi" in ~1s {"metadata":{"emulator":{"name":"functions"},"function":{"name":"us-central1-webApi"},"extension":{},"message":"Finished \"webApi\" in ~1s"}}
[debug] [2022-04-13T11:36:37.540Z] [worker-us-central1-webApi-714332a7-42dd-4d54-a30a-cff51d84087f]: IDLE {"metadata":{"emulator":{"name":"functions"},"message":"[worker-us-central1-webApi-714332a7-42dd-4d54-a30a-cff51d84087f]: IDLE"}}
[debug] [2022-04-13T11:36:37.541Z] [work-queue] {"queueLength":0,"workRunningCount":0}
[debug] [2022-04-13T11:36:42.386Z] [work-queue] {"queueLength":1,"workRunningCount":0}
[debug] [2022-04-13T11:36:42.387Z] [work-queue] {"queueLength":0,"workRunningCount":1}
[debug] [2022-04-13T11:36:42.387Z] Accepted request GET /movieapp-b0211/us-central1/webApi/actors/getall --> us-central1-webApi
[debug] [2022-04-13T11:36:42.387Z] [worker-pool] submitWork(triggerId=us-central1-webApi) {"metadata":{"emulator":{"name":"functions"},"message":"[worker-pool] submitWork(triggerId=us-central1-webApi)"}}
[debug] [2022-04-13T11:36:42.387Z] [worker-us-central1-webApi-714332a7-42dd-4d54-a30a-cff51d84087f]: Assigning socketPath: \\?\pipe\C:\Users\Elxan Quliyev\Desktop\{{Elxan}}\Metaflix\server\functions\7452 {"metadata":{"emulator":{"name":"functions"},"message":"[worker-us-central1-webApi-714332a7-42dd-4d54-a30a-cff51d84087f]: Assigning socketPath: \\\\?\\pipe\\C:\\Users\\Elxan Quliyev\\Desktop\\{{Elxan}}\\Metaflix\\server\\functions\\7452"}}
[debug] [2022-04-13T11:36:42.388Z] [worker-us-central1-webApi-714332a7-42dd-4d54-a30a-cff51d84087f]: BUSY {"metadata":{"emulator":{"name":"functions"},"message":"[worker-us-central1-webApi-714332a7-42dd-4d54-a30a-cff51d84087f]: BUSY"}}
[debug] [2022-04-13T11:36:42.389Z] [runtime-status] [7452] Beginning invocation function webApi! {"metadata":{"emulator":{"name":"functions"},"function":{"name":"us-central1-webApi"},"extension":{},"message":"[runtime-status] [7452] Beginning invocation function webApi!"}}
[info] i  functions: Beginning execution of "webApi" {"metadata":{"emulator":{"name":"functions"},"function":{"name":"us-central1-webApi"},"extension":{},"message":"Beginning execution of \"webApi\""}}
[debug] [2022-04-13T11:36:42.391Z] [runtime-status] [7452] Running webApi in signature http {"metadata":{"emulator":{"name":"functions"},"function":{"name":"us-central1-webApi"},"extension":{},"message":"[runtime-status] [7452] Running webApi in signature http"}}
[debug] [2022-04-13T11:36:42.392Z] [runtime-status] [7452] Attempting to listen to socketPath: \\?\pipe\C:\Users\Elxan Quliyev\Desktop\{{Elxan}}\Metaflix\server\functions\7452 {"metadata":{"emulator":{"name":"functions"},"function":{"name":"us-central1-webApi"},"extension":{},"message":"[runtime-status] [7452] Attempting to listen to socketPath: \\\\?\\pipe\\C:\\Users\\Elxan Quliyev\\Desktop\\{{Elxan}}\\Metaflix\\server\\functions\\7452"}}
[debug] [2022-04-13T11:36:42.397Z] [functions] Runtime ready! Sending request! {"metadata":{"emulator":{"name":"functions"},"message":"[functions] Runtime ready! Sending request!"}}
[debug] [2022-04-13T11:36:42.397Z] [functions] Got req.url=/movieapp-b0211/us-central1/webApi/actors/getall, mapping to path=/actors/getall {"metadata":{"emulator":{"name":"functions"},"message":"[functions] Got req.url=/movieapp-b0211/us-central1/webApi/actors/getall, mapping to path=/actors/getall"}}
[debug] [2022-04-13T11:36:42.402Z] [runtime-status] [7452] Ephemeral server handling GET request {"metadata":{"emulator":{"name":"functions"},"function":{"name":"us-central1-webApi"},"extension":{},"message":"[runtime-status] [7452] Ephemeral server handling GET request"}}
[debug] [2022-04-13T11:36:42.403Z] [runtime-status] [7452] Ephemeral server survived. {"metadata":{"emulator":{"name":"functions"},"function":{"name":"us-central1-webApi"},"extension":{},"message":"[runtime-status] [7452] Ephemeral server survived."}}
[info] >  [2022-04-13T11:36:42.614Z]  @firebase/firestore: Firestore (9.6.7): Connection GRPC stream error. Code: 3 Message: 3 INVALID_ARGUMENT: Invalid resource field value in the request. {"user":"[2022-04-13T11:36:42.614Z]  @firebase/firestore: Firestore (9.6.7): Connection GRPC stream error. Code: 3 Message: 3 INVALID_ARGUMENT: Invalid resource field value in the request.","metadata":{"emulator":{"name":"functions"},"function":{"name":"us-central1-webApi"},"extension":{},"message":"\u001b[90m> \u001b[39m [2022-04-13T11:36:42.614Z]  @firebase/firestore: Firestore (9.6.7): Connection GRPC stream error. Code: 3 Message: 3 INVALID_ARGUMENT: Invalid resource field value in the request."}}
[info] i  functions: Finished "webApi" in ~1s {"metadata":{"emulator":{"name":"functions"},"function":{"name":"us-central1-webApi"},"extension":{},"message":"Finished \"webApi\" in ~1s"}}
[debug] [2022-04-13T11:36:42.640Z] [worker-us-central1-webApi-714332a7-42dd-4d54-a30a-cff51d84087f]: IDLE {"metadata":{"emulator":{"name":"functions"},"message":"[worker-us-central1-webApi-714332a7-42dd-4d54-a30a-cff51d84087f]: IDLE"}}
[debug] [2022-04-13T11:36:42.642Z] [work-queue] {"queueLength":0,"workRunningCount":0}
[debug] [2022-04-13T11:39:34.033Z] [work-queue] {"queueLength":1,"workRunningCount":0}
[debug] [2022-04-13T11:39:34.034Z] [work-queue] {"queueLength":0,"workRunningCount":1}
[debug] [2022-04-13T11:39:34.034Z] Accepted request GET /movieapp-b0211/us-central1/webApi/actors/getall --> us-central1-webApi
[debug] [2022-04-13T11:39:34.035Z] [worker-pool] submitWork(triggerId=us-central1-webApi) {"metadata":{"emulator":{"name":"functions"},"message":"[worker-pool] submitWork(triggerId=us-central1-webApi)"}}
[debug] [2022-04-13T11:39:34.035Z] [worker-us-central1-webApi-714332a7-42dd-4d54-a30a-cff51d84087f]: Assigning socketPath: \\?\pipe\C:\Users\Elxan Quliyev\Desktop\{{Elxan}}\Metaflix\server\functions\7452 {"metadata":{"emulator":{"name":"functions"},"message":"[worker-us-central1-webApi-714332a7-42dd-4d54-a30a-cff51d84087f]: Assigning socketPath: \\\\?\\pipe\\C:\\Users\\Elxan Quliyev\\Desktop\\{{Elxan}}\\Metaflix\\server\\functions\\7452"}}
[debug] [2022-04-13T11:39:34.035Z] [worker-us-central1-webApi-714332a7-42dd-4d54-a30a-cff51d84087f]: BUSY {"metadata":{"emulator":{"name":"functions"},"message":"[worker-us-central1-webApi-714332a7-42dd-4d54-a30a-cff51d84087f]: BUSY"}}
[debug] [2022-04-13T11:39:34.037Z] [runtime-status] [7452] Beginning invocation function webApi! {"metadata":{"emulator":{"name":"functions"},"function":{"name":"us-central1-webApi"},"extension":{},"message":"[runtime-status] [7452] Beginning invocation function webApi!"}}
[info] i  functions: Beginning execution of "webApi" {"metadata":{"emulator":{"name":"functions"},"function":{"name":"us-central1-webApi"},"extension":{},"message":"Beginning execution of \"webApi\""}}
[debug] [2022-04-13T11:39:34.039Z] [runtime-status] [7452] Running webApi in signature http {"metadata":{"emulator":{"name":"functions"},"function":{"name":"us-central1-webApi"},"extension":{},"message":"[runtime-status] [7452] Running webApi in signature http"}}
[debug] [2022-04-13T11:39:34.040Z] [runtime-status] [7452] Attempting to listen to socketPath: \\?\pipe\C:\Users\Elxan Quliyev\Desktop\{{Elxan}}\Metaflix\server\functions\7452 {"metadata":{"emulator":{"name":"functions"},"function":{"name":"us-central1-webApi"},"extension":{},"message":"[runtime-status] [7452] Attempting to listen to socketPath: \\\\?\\pipe\\C:\\Users\\Elxan Quliyev\\Desktop\\{{Elxan}}\\Metaflix\\server\\functions\\7452"}}
[debug] [2022-04-13T11:39:34.045Z] [functions] Runtime ready! Sending request! {"metadata":{"emulator":{"name":"functions"},"message":"[functions] Runtime ready! Sending request!"}}
[debug] [2022-04-13T11:39:34.046Z] [functions] Got req.url=/movieapp-b0211/us-central1/webApi/actors/getall, mapping to path=/actors/getall {"metadata":{"emulator":{"name":"functions"},"message":"[functions] Got req.url=/movieapp-b0211/us-central1/webApi/actors/getall, mapping to path=/actors/getall"}}
[debug] [2022-04-13T11:39:34.052Z] [runtime-status] [7452] Ephemeral server handling GET request {"metadata":{"emulator":{"name":"functions"},"function":{"name":"us-central1-webApi"},"extension":{},"message":"[runtime-status] [7452] Ephemeral server handling GET request"}}
[debug] [2022-04-13T11:39:34.054Z] [runtime-status] [7452] Ephemeral server survived. {"metadata":{"emulator":{"name":"functions"},"function":{"name":"us-central1-webApi"},"extension":{},"message":"[runtime-status] [7452] Ephemeral server survived."}}
[info] >  [2022-04-13T11:39:34.260Z]  @firebase/firestore: Firestore (9.6.7): Connection GRPC stream error. Code: 3 Message: 3 INVALID_ARGUMENT: Invalid resource field value in the request. {"user":"[2022-04-13T11:39:34.260Z]  @firebase/firestore: Firestore (9.6.7): Connection GRPC stream error. Code: 3 Message: 3 INVALID_ARGUMENT: Invalid resource field value in the request.","metadata":{"emulator":{"name":"functions"},"function":{"name":"us-central1-webApi"},"extension":{},"message":"\u001b[90m> \u001b[39m [2022-04-13T11:39:34.260Z]  @firebase/firestore: Firestore (9.6.7): Connection GRPC stream error. Code: 3 Message: 3 INVALID_ARGUMENT: Invalid resource field value in the request."}}
[info] i  functions: Finished "webApi" in ~1s {"metadata":{"emulator":{"name":"functions"},"function":{"name":"us-central1-webApi"},"extension":{},"message":"Finished \"webApi\" in ~1s"}}
[debug] [2022-04-13T11:39:34.276Z] [worker-us-central1-webApi-714332a7-42dd-4d54-a30a-cff51d84087f]: IDLE {"metadata":{"emulator":{"name":"functions"},"message":"[worker-us-central1-webApi-714332a7-42dd-4d54-a30a-cff51d84087f]: IDLE"}}
[debug] [2022-04-13T11:39:34.277Z] [work-queue] {"queueLength":0,"workRunningCount":0}
